2024-11-16 13:21:01,935 - httpx - INFO - HTTP Request: POST https://api.telegram.org/bot7835013090:AAFfvl5iTih4qoXxBRh0wxTYjEQjChBr0Q8/getMe "HTTP/1.1 200 OK"
2024-11-16 13:21:01,986 - httpx - INFO - HTTP Request: POST https://api.telegram.org/bot7835013090:AAFfvl5iTih4qoXxBRh0wxTYjEQjChBr0Q8/deleteWebhook "HTTP/1.1 200 OK"
2024-11-16 13:21:01,987 - telegram.ext.Application - INFO - Application started
2024-11-16 13:21:12,127 - httpx - INFO - HTTP Request: POST https://api.telegram.org/bot7835013090:AAFfvl5iTih4qoXxBRh0wxTYjEQjChBr0Q8/getUpdates "HTTP/1.1 200 OK"
2024-11-16 13:21:15,216 - httpx - INFO - HTTP Request: POST https://api.telegram.org/bot7835013090:AAFfvl5iTih4qoXxBRh0wxTYjEQjChBr0Q8/getUpdates "HTTP/1.1 200 OK"
2024-11-16 13:21:15,392 - httpx - INFO - HTTP Request: POST https://api.telegram.org/bot7835013090:AAFfvl5iTih4qoXxBRh0wxTYjEQjChBr0Q8/sendMessage "HTTP/1.1 200 OK"
2024-11-16 13:21:15,461 - httpx - INFO - HTTP Request: POST https://api.telegram.org/bot7835013090:AAFfvl5iTih4qoXxBRh0wxTYjEQjChBr0Q8/sendMessage "HTTP/1.1 200 OK"
2024-11-16 13:21:17,645 - httpx - INFO - HTTP Request: POST https://api.telegram.org/bot7835013090:AAFfvl5iTih4qoXxBRh0wxTYjEQjChBr0Q8/getUpdates "HTTP/1.1 200 OK"
2024-11-16 13:21:17,765 - httpx - INFO - HTTP Request: POST https://api.telegram.org/bot7835013090:AAFfvl5iTih4qoXxBRh0wxTYjEQjChBr0Q8/sendMessage "HTTP/1.1 200 OK"
2024-11-16 13:21:24,363 - httpx - INFO - HTTP Request: POST https://api.telegram.org/bot7835013090:AAFfvl5iTih4qoXxBRh0wxTYjEQjChBr0Q8/getUpdates "HTTP/1.1 200 OK"
2024-11-16 13:21:24,571 - httpx - INFO - HTTP Request: POST https://api.telegram.org/bot7835013090:AAFfvl5iTih4qoXxBRh0wxTYjEQjChBr0Q8/sendMessage "HTTP/1.1 200 OK"
2024-11-16 13:21:34,449 - httpx - INFO - HTTP Request: POST https://api.telegram.org/bot7835013090:AAFfvl5iTih4qoXxBRh0wxTYjEQjChBr0Q8/getUpdates "HTTP/1.1 200 OK"
2024-11-16 13:21:44,497 - httpx - INFO - HTTP Request: POST https://api.telegram.org/bot7835013090:AAFfvl5iTih4qoXxBRh0wxTYjEQjChBr0Q8/getUpdates "HTTP/1.1 200 OK"
2024-11-16 13:21:45,425 - httpx - INFO - HTTP Request: POST https://api.telegram.org/bot7835013090:AAFfvl5iTih4qoXxBRh0wxTYjEQjChBr0Q8/getUpdates "HTTP/1.1 200 OK"
2024-11-16 13:21:45,610 - httpx - INFO - HTTP Request: POST https://api.telegram.org/bot7835013090:AAFfvl5iTih4qoXxBRh0wxTYjEQjChBr0Q8/getFile "HTTP/1.1 200 OK"
2024-11-16 13:21:45,610 - telegram.ext.Application - ERROR - No error handlers are registered, logging exception.
Traceback (most recent call last):
  File "/home/jexbest/dairy/dairy/venv/lib/python3.12/site-packages/telegram/ext/_application.py", line 1335, in process_update
    await coroutine
  File "/home/jexbest/dairy/dairy/venv/lib/python3.12/site-packages/telegram/ext/_handlers/conversationhandler.py", line 857, in handle_update
    new_state: object = await handler.handle_update(
                        ^^^^^^^^^^^^^^^^^^^^^^^^^^^^
  File "/home/jexbest/dairy/dairy/venv/lib/python3.12/site-packages/telegram/ext/_handlers/basehandler.py", line 158, in handle_update
    return await self.callback(update, context)
           ^^^^^^^^^^^^^^^^^^^^^^^^^^^^^^^^^^^^
  File "/home/jexbest/dairy/dairy/bot.py", line 46, in add_photo
    photo_path = f"{update.message.from_user.id}_{datetime.now().strftime('%Y%m%d_%H%M%S')}.jpg"
                                                  ^^^^^^^^
NameError: name 'datetime' is not defined. Did you forget to import 'datetime'
2024-11-16 13:21:55,446 - httpx - INFO - HTTP Request: POST https://api.telegram.org/bot7835013090:AAFfvl5iTih4qoXxBRh0wxTYjEQjChBr0Q8/getUpdates "HTTP/1.1 200 OK"
2024-11-16 13:22:05,526 - httpx - INFO - HTTP Request: POST https://api.telegram.org/bot7835013090:AAFfvl5iTih4qoXxBRh0wxTYjEQjChBr0Q8/getUpdates "HTTP/1.1 200 OK"
2024-11-16 13:22:15,570 - httpx - INFO - HTTP Request: POST https://api.telegram.org/bot7835013090:AAFfvl5iTih4qoXxBRh0wxTYjEQjChBr0Q8/getUpdates "HTTP/1.1 200 OK"
2024-11-16 13:22:25,596 - httpx - INFO - HTTP Request: POST https://api.telegram.org/bot7835013090:AAFfvl5iTih4qoXxBRh0wxTYjEQjChBr0Q8/getUpdates "HTTP/1.1 200 OK"
2024-11-16 13:22:35,669 - httpx - INFO - HTTP Request: POST https://api.telegram.org/bot7835013090:AAFfvl5iTih4qoXxBRh0wxTYjEQjChBr0Q8/getUpdates "HTTP/1.1 200 OK"
2024-11-16 13:22:45,720 - httpx - INFO - HTTP Request: POST https://api.telegram.org/bot7835013090:AAFfvl5iTih4qoXxBRh0wxTYjEQjChBr0Q8/getUpdates "HTTP/1.1 200 OK"
2024-11-16 13:22:52,095 - httpx - INFO - HTTP Request: POST https://api.telegram.org/bot7835013090:AAFfvl5iTih4qoXxBRh0wxTYjEQjChBr0Q8/getUpdates "HTTP/1.1 200 OK"
2024-11-16 13:22:52,095 - telegram.ext.Application - INFO - Application is stopping. This might take a moment.
2024-11-16 13:22:52,095 - telegram.ext.Application - INFO - Application.stop() complete
2024-11-16 13:22:52,565 - httpx - INFO - HTTP Request: POST https://api.telegram.org/bot7835013090:AAFfvl5iTih4qoXxBRh0wxTYjEQjChBr0Q8/getMe "HTTP/1.1 200 OK"
2024-11-16 13:22:52,622 - httpx - INFO - HTTP Request: POST https://api.telegram.org/bot7835013090:AAFfvl5iTih4qoXxBRh0wxTYjEQjChBr0Q8/deleteWebhook "HTTP/1.1 200 OK"
2024-11-16 13:22:52,622 - telegram.ext.Application - INFO - Application started
2024-11-16 13:22:56,821 - httpx - INFO - HTTP Request: POST https://api.telegram.org/bot7835013090:AAFfvl5iTih4qoXxBRh0wxTYjEQjChBr0Q8/getUpdates "HTTP/1.1 200 OK"
2024-11-16 13:22:56,904 - httpx - INFO - HTTP Request: POST https://api.telegram.org/bot7835013090:AAFfvl5iTih4qoXxBRh0wxTYjEQjChBr0Q8/sendMessage "HTTP/1.1 200 OK"
2024-11-16 13:22:57,021 - httpx - INFO - HTTP Request: POST https://api.telegram.org/bot7835013090:AAFfvl5iTih4qoXxBRh0wxTYjEQjChBr0Q8/sendMessage "HTTP/1.1 200 OK"
2024-11-16 13:22:59,024 - httpx - INFO - HTTP Request: POST https://api.telegram.org/bot7835013090:AAFfvl5iTih4qoXxBRh0wxTYjEQjChBr0Q8/getUpdates "HTTP/1.1 200 OK"
2024-11-16 13:22:59,238 - httpx - INFO - HTTP Request: POST https://api.telegram.org/bot7835013090:AAFfvl5iTih4qoXxBRh0wxTYjEQjChBr0Q8/sendMessage "HTTP/1.1 200 OK"
2024-11-16 13:23:02,480 - httpx - INFO - HTTP Request: POST https://api.telegram.org/bot7835013090:AAFfvl5iTih4qoXxBRh0wxTYjEQjChBr0Q8/getUpdates "HTTP/1.1 200 OK"
2024-11-16 13:23:02,557 - httpx - INFO - HTTP Request: POST https://api.telegram.org/bot7835013090:AAFfvl5iTih4qoXxBRh0wxTYjEQjChBr0Q8/sendMessage "HTTP/1.1 200 OK"
2024-11-16 13:23:07,850 - httpx - INFO - HTTP Request: POST https://api.telegram.org/bot7835013090:AAFfvl5iTih4qoXxBRh0wxTYjEQjChBr0Q8/getUpdates "HTTP/1.1 200 OK"
2024-11-16 13:23:08,001 - httpx - INFO - HTTP Request: POST https://api.telegram.org/bot7835013090:AAFfvl5iTih4qoXxBRh0wxTYjEQjChBr0Q8/getFile "HTTP/1.1 200 OK"
2024-11-16 13:23:08,002 - telegram.ext.Application - ERROR - No error handlers are registered, logging exception.
Traceback (most recent call last):
  File "/home/jexbest/dairy/dairy/venv/lib/python3.12/site-packages/telegram/ext/_application.py", line 1335, in process_update
    await coroutine
  File "/home/jexbest/dairy/dairy/venv/lib/python3.12/site-packages/telegram/ext/_handlers/conversationhandler.py", line 857, in handle_update
    new_state: object = await handler.handle_update(
                        ^^^^^^^^^^^^^^^^^^^^^^^^^^^^
  File "/home/jexbest/dairy/dairy/venv/lib/python3.12/site-packages/telegram/ext/_handlers/basehandler.py", line 158, in handle_update
    return await self.callback(update, context)
           ^^^^^^^^^^^^^^^^^^^^^^^^^^^^^^^^^^^^
  File "/home/jexbest/dairy/dairy/bot.py", line 47, in add_photo
    await photo_file.download(photo_path)
          ^^^^^^^^^^^^^^^^^^^
AttributeError: 'File' object has no attribute 'download'
2024-11-16 13:23:17,909 - httpx - INFO - HTTP Request: POST https://api.telegram.org/bot7835013090:AAFfvl5iTih4qoXxBRh0wxTYjEQjChBr0Q8/getUpdates "HTTP/1.1 200 OK"
2024-11-16 13:23:27,954 - httpx - INFO - HTTP Request: POST https://api.telegram.org/bot7835013090:AAFfvl5iTih4qoXxBRh0wxTYjEQjChBr0Q8/getUpdates "HTTP/1.1 200 OK"
2024-11-16 13:23:38,006 - httpx - INFO - HTTP Request: POST https://api.telegram.org/bot7835013090:AAFfvl5iTih4qoXxBRh0wxTYjEQjChBr0Q8/getUpdates "HTTP/1.1 200 OK"
2024-11-16 13:23:48,074 - httpx - INFO - HTTP Request: POST https://api.telegram.org/bot7835013090:AAFfvl5iTih4qoXxBRh0wxTYjEQjChBr0Q8/getUpdates "HTTP/1.1 200 OK"
2024-11-16 13:23:58,107 - httpx - INFO - HTTP Request: POST https://api.telegram.org/bot7835013090:AAFfvl5iTih4qoXxBRh0wxTYjEQjChBr0Q8/getUpdates "HTTP/1.1 200 OK"
2024-11-16 13:24:08,150 - httpx - INFO - HTTP Request: POST https://api.telegram.org/bot7835013090:AAFfvl5iTih4qoXxBRh0wxTYjEQjChBr0Q8/getUpdates "HTTP/1.1 200 OK"
2024-11-16 13:24:18,234 - httpx - INFO - HTTP Request: POST https://api.telegram.org/bot7835013090:AAFfvl5iTih4qoXxBRh0wxTYjEQjChBr0Q8/getUpdates "HTTP/1.1 200 OK"
2024-11-16 13:24:28,306 - httpx - INFO - HTTP Request: POST https://api.telegram.org/bot7835013090:AAFfvl5iTih4qoXxBRh0wxTYjEQjChBr0Q8/getUpdates "HTTP/1.1 200 OK"
2024-11-16 13:24:38,334 - httpx - INFO - HTTP Request: POST https://api.telegram.org/bot7835013090:AAFfvl5iTih4qoXxBRh0wxTYjEQjChBr0Q8/getUpdates "HTTP/1.1 200 OK"
2024-11-16 13:24:48,435 - httpx - INFO - HTTP Request: POST https://api.telegram.org/bot7835013090:AAFfvl5iTih4qoXxBRh0wxTYjEQjChBr0Q8/getUpdates "HTTP/1.1 200 OK"
2024-11-16 13:24:58,488 - httpx - INFO - HTTP Request: POST https://api.telegram.org/bot7835013090:AAFfvl5iTih4qoXxBRh0wxTYjEQjChBr0Q8/getUpdates "HTTP/1.1 200 OK"
2024-11-16 13:25:08,514 - httpx - INFO - HTTP Request: POST https://api.telegram.org/bot7835013090:AAFfvl5iTih4qoXxBRh0wxTYjEQjChBr0Q8/getUpdates "HTTP/1.1 200 OK"
2024-11-16 13:25:18,589 - httpx - INFO - HTTP Request: POST https://api.telegram.org/bot7835013090:AAFfvl5iTih4qoXxBRh0wxTYjEQjChBr0Q8/getUpdates "HTTP/1.1 200 OK"
2024-11-16 13:25:28,636 - httpx - INFO - HTTP Request: POST https://api.telegram.org/bot7835013090:AAFfvl5iTih4qoXxBRh0wxTYjEQjChBr0Q8/getUpdates "HTTP/1.1 200 OK"
2024-11-16 13:25:38,670 - httpx - INFO - HTTP Request: POST https://api.telegram.org/bot7835013090:AAFfvl5iTih4qoXxBRh0wxTYjEQjChBr0Q8/getUpdates "HTTP/1.1 200 OK"
2024-11-16 13:25:43,071 - httpx - INFO - HTTP Request: POST https://api.telegram.org/bot7835013090:AAFfvl5iTih4qoXxBRh0wxTYjEQjChBr0Q8/getUpdates "HTTP/1.1 200 OK"
2024-11-16 13:25:43,071 - telegram.ext.Application - INFO - Application is stopping. This might take a moment.
2024-11-16 13:25:43,071 - telegram.ext.Application - INFO - Application.stop() complete
2024-11-16 13:25:43,503 - httpx - INFO - HTTP Request: POST https://api.telegram.org/bot7835013090:AAFfvl5iTih4qoXxBRh0wxTYjEQjChBr0Q8/getMe "HTTP/1.1 200 OK"
2024-11-16 13:25:43,555 - httpx - INFO - HTTP Request: POST https://api.telegram.org/bot7835013090:AAFfvl5iTih4qoXxBRh0wxTYjEQjChBr0Q8/deleteWebhook "HTTP/1.1 200 OK"
2024-11-16 13:25:43,556 - telegram.ext.Application - INFO - Application started
2024-11-16 13:25:49,742 - httpx - INFO - HTTP Request: POST https://api.telegram.org/bot7835013090:AAFfvl5iTih4qoXxBRh0wxTYjEQjChBr0Q8/getUpdates "HTTP/1.1 200 OK"
2024-11-16 13:25:49,965 - httpx - INFO - HTTP Request: POST https://api.telegram.org/bot7835013090:AAFfvl5iTih4qoXxBRh0wxTYjEQjChBr0Q8/sendMessage "HTTP/1.1 200 OK"
2024-11-16 13:25:50,102 - httpx - INFO - HTTP Request: POST https://api.telegram.org/bot7835013090:AAFfvl5iTih4qoXxBRh0wxTYjEQjChBr0Q8/sendMessage "HTTP/1.1 200 OK"
2024-11-16 13:25:53,859 - httpx - INFO - HTTP Request: POST https://api.telegram.org/bot7835013090:AAFfvl5iTih4qoXxBRh0wxTYjEQjChBr0Q8/getUpdates "HTTP/1.1 200 OK"
2024-11-16 13:25:54,040 - httpx - INFO - HTTP Request: POST https://api.telegram.org/bot7835013090:AAFfvl5iTih4qoXxBRh0wxTYjEQjChBr0Q8/sendMessage "HTTP/1.1 200 OK"
2024-11-16 13:26:01,293 - httpx - INFO - HTTP Request: POST https://api.telegram.org/bot7835013090:AAFfvl5iTih4qoXxBRh0wxTYjEQjChBr0Q8/getUpdates "HTTP/1.1 200 OK"
2024-11-16 13:26:01,519 - httpx - INFO - HTTP Request: POST https://api.telegram.org/bot7835013090:AAFfvl5iTih4qoXxBRh0wxTYjEQjChBr0Q8/sendMessage "HTTP/1.1 200 OK"
2024-11-16 13:26:06,110 - httpx - INFO - HTTP Request: POST https://api.telegram.org/bot7835013090:AAFfvl5iTih4qoXxBRh0wxTYjEQjChBr0Q8/getUpdates "HTTP/1.1 200 OK"
2024-11-16 13:26:06,166 - httpx - INFO - HTTP Request: POST https://api.telegram.org/bot7835013090:AAFfvl5iTih4qoXxBRh0wxTYjEQjChBr0Q8/getFile "HTTP/1.1 200 OK"
2024-11-16 13:26:06,278 - httpx - INFO - HTTP Request: GET https://api.telegram.org/file/bot7835013090%3AAAFfvl5iTih4qoXxBRh0wxTYjEQjChBr0Q8/photos/file_0.jpg "HTTP/1.1 200 OK"
2024-11-16 13:26:06,406 - httpx - INFO - HTTP Request: POST https://api.telegram.org/bot7835013090:AAFfvl5iTih4qoXxBRh0wxTYjEQjChBr0Q8/sendMessage "HTTP/1.1 200 OK"
2024-11-16 13:26:06,480 - httpx - INFO - HTTP Request: POST https://api.telegram.org/bot7835013090:AAFfvl5iTih4qoXxBRh0wxTYjEQjChBr0Q8/sendMessage "HTTP/1.1 200 OK"
2024-11-16 13:26:16,148 - httpx - INFO - HTTP Request: POST https://api.telegram.org/bot7835013090:AAFfvl5iTih4qoXxBRh0wxTYjEQjChBr0Q8/getUpdates "HTTP/1.1 200 OK"
2024-11-16 13:26:26,263 - httpx - INFO - HTTP Request: POST https://api.telegram.org/bot7835013090:AAFfvl5iTih4qoXxBRh0wxTYjEQjChBr0Q8/getUpdates "HTTP/1.1 200 OK"
2024-11-16 13:26:28,025 - httpx - INFO - HTTP Request: POST https://api.telegram.org/bot7835013090:AAFfvl5iTih4qoXxBRh0wxTYjEQjChBr0Q8/getUpdates "HTTP/1.1 200 OK"
2024-11-16 13:26:28,277 - httpx - INFO - HTTP Request: POST https://api.telegram.org/bot7835013090:AAFfvl5iTih4qoXxBRh0wxTYjEQjChBr0Q8/sendMessage "HTTP/1.1 200 OK"
2024-11-16 13:26:28,422 - httpx - INFO - HTTP Request: POST https://api.telegram.org/bot7835013090:AAFfvl5iTih4qoXxBRh0wxTYjEQjChBr0Q8/sendMessage "HTTP/1.1 200 OK"
2024-11-16 13:26:38,085 - httpx - INFO - HTTP Request: POST https://api.telegram.org/bot7835013090:AAFfvl5iTih4qoXxBRh0wxTYjEQjChBr0Q8/getUpdates "HTTP/1.1 200 OK"
2024-11-16 13:26:48,011 - httpx - INFO - HTTP Request: POST https://api.telegram.org/bot7835013090:AAFfvl5iTih4qoXxBRh0wxTYjEQjChBr0Q8/getUpdates "HTTP/1.1 200 OK"
2024-11-16 13:26:48,012 - telegram.ext.Application - INFO - Application is stopping. This might take a moment.
2024-11-16 13:26:48,012 - telegram.ext.Application - INFO - Application.stop() complete
2024-11-16 13:42:01,180 - httpx - INFO - HTTP Request: POST https://api.telegram.org/bot7835013090:AAFfvl5iTih4qoXxBRh0wxTYjEQjChBr0Q8/getMe "HTTP/1.1 200 OK"
2024-11-16 13:42:01,235 - httpx - INFO - HTTP Request: POST https://api.telegram.org/bot7835013090:AAFfvl5iTih4qoXxBRh0wxTYjEQjChBr0Q8/deleteWebhook "HTTP/1.1 200 OK"
2024-11-16 13:42:01,235 - telegram.ext.Application - INFO - Application started
2024-11-16 13:42:08,418 - httpx - INFO - HTTP Request: POST https://api.telegram.org/bot7835013090:AAFfvl5iTih4qoXxBRh0wxTYjEQjChBr0Q8/getUpdates "HTTP/1.1 200 OK"
2024-11-16 13:42:08,742 - httpx - INFO - HTTP Request: POST https://api.telegram.org/bot7835013090:AAFfvl5iTih4qoXxBRh0wxTYjEQjChBr0Q8/sendMessage "HTTP/1.1 200 OK"
2024-11-16 13:42:08,935 - httpx - INFO - HTTP Request: POST https://api.telegram.org/bot7835013090:AAFfvl5iTih4qoXxBRh0wxTYjEQjChBr0Q8/sendMessage "HTTP/1.1 200 OK"
2024-11-16 13:42:10,345 - httpx - INFO - HTTP Request: POST https://api.telegram.org/bot7835013090:AAFfvl5iTih4qoXxBRh0wxTYjEQjChBr0Q8/getUpdates "HTTP/1.1 200 OK"
2024-11-16 13:42:10,430 - httpx - INFO - HTTP Request: POST https://api.telegram.org/bot7835013090:AAFfvl5iTih4qoXxBRh0wxTYjEQjChBr0Q8/sendMessage "HTTP/1.1 200 OK"
2024-11-16 13:42:13,270 - httpx - INFO - HTTP Request: POST https://api.telegram.org/bot7835013090:AAFfvl5iTih4qoXxBRh0wxTYjEQjChBr0Q8/getUpdates "HTTP/1.1 200 OK"
2024-11-16 13:42:13,348 - httpx - INFO - HTTP Request: POST https://api.telegram.org/bot7835013090:AAFfvl5iTih4qoXxBRh0wxTYjEQjChBr0Q8/sendMessage "HTTP/1.1 200 OK"
2024-11-16 13:42:18,838 - httpx - INFO - HTTP Request: POST https://api.telegram.org/bot7835013090:AAFfvl5iTih4qoXxBRh0wxTYjEQjChBr0Q8/getUpdates "HTTP/1.1 200 OK"
2024-11-16 13:42:18,996 - httpx - INFO - HTTP Request: POST https://api.telegram.org/bot7835013090:AAFfvl5iTih4qoXxBRh0wxTYjEQjChBr0Q8/getFile "HTTP/1.1 200 OK"
2024-11-16 13:42:19,050 - httpx - INFO - HTTP Request: GET https://api.telegram.org/file/bot7835013090%3AAAFfvl5iTih4qoXxBRh0wxTYjEQjChBr0Q8/photos/file_0.jpg "HTTP/1.1 200 OK"
2024-11-16 13:42:19,230 - httpx - INFO - HTTP Request: POST https://api.telegram.org/bot7835013090:AAFfvl5iTih4qoXxBRh0wxTYjEQjChBr0Q8/sendMessage "HTTP/1.1 200 OK"
2024-11-16 13:42:19,311 - httpx - INFO - HTTP Request: POST https://api.telegram.org/bot7835013090:AAFfvl5iTih4qoXxBRh0wxTYjEQjChBr0Q8/sendMessage "HTTP/1.1 200 OK"
2024-11-16 13:42:28,923 - httpx - INFO - HTTP Request: POST https://api.telegram.org/bot7835013090:AAFfvl5iTih4qoXxBRh0wxTYjEQjChBr0Q8/getUpdates "HTTP/1.1 200 OK"
2024-11-16 13:42:31,494 - httpx - INFO - HTTP Request: POST https://api.telegram.org/bot7835013090:AAFfvl5iTih4qoXxBRh0wxTYjEQjChBr0Q8/getUpdates "HTTP/1.1 200 OK"
2024-11-16 13:42:31,742 - httpx - INFO - HTTP Request: POST https://api.telegram.org/bot7835013090:AAFfvl5iTih4qoXxBRh0wxTYjEQjChBr0Q8/sendMessage "HTTP/1.1 200 OK"
2024-11-16 13:42:31,824 - httpx - INFO - HTTP Request: POST https://api.telegram.org/bot7835013090:AAFfvl5iTih4qoXxBRh0wxTYjEQjChBr0Q8/sendMessage "HTTP/1.1 200 OK"
2024-11-16 13:42:37,137 - httpx - INFO - HTTP Request: POST https://api.telegram.org/bot7835013090:AAFfvl5iTih4qoXxBRh0wxTYjEQjChBr0Q8/getUpdates "HTTP/1.1 200 OK"
2024-11-16 13:42:37,138 - telegram.ext.Application - INFO - Application is stopping. This might take a moment.
2024-11-16 13:42:37,138 - telegram.ext.Application - INFO - Application.stop() complete
2024-11-16 13:55:52,620 - httpx - INFO - HTTP Request: POST https://api.telegram.org/bot7835013090:AAFfvl5iTih4qoXxBRh0wxTYjEQjChBr0Q8/getMe "HTTP/1.1 200 OK"
2024-11-16 13:55:52,669 - httpx - INFO - HTTP Request: POST https://api.telegram.org/bot7835013090:AAFfvl5iTih4qoXxBRh0wxTYjEQjChBr0Q8/deleteWebhook "HTTP/1.1 200 OK"
2024-11-16 13:55:52,670 - telegram.ext.Application - INFO - Application started
2024-11-16 13:56:02,803 - httpx - INFO - HTTP Request: POST https://api.telegram.org/bot7835013090:AAFfvl5iTih4qoXxBRh0wxTYjEQjChBr0Q8/getUpdates "HTTP/1.1 200 OK"
2024-11-16 13:56:12,844 - httpx - INFO - HTTP Request: POST https://api.telegram.org/bot7835013090:AAFfvl5iTih4qoXxBRh0wxTYjEQjChBr0Q8/getUpdates "HTTP/1.1 200 OK"
2024-11-16 13:56:22,896 - httpx - INFO - HTTP Request: POST https://api.telegram.org/bot7835013090:AAFfvl5iTih4qoXxBRh0wxTYjEQjChBr0Q8/getUpdates "HTTP/1.1 200 OK"
2024-11-16 13:56:32,967 - httpx - INFO - HTTP Request: POST https://api.telegram.org/bot7835013090:AAFfvl5iTih4qoXxBRh0wxTYjEQjChBr0Q8/getUpdates "HTTP/1.1 200 OK"
2024-11-16 13:56:43,072 - httpx - INFO - HTTP Request: POST https://api.telegram.org/bot7835013090:AAFfvl5iTih4qoXxBRh0wxTYjEQjChBr0Q8/getUpdates "HTTP/1.1 200 OK"
2024-11-16 13:56:53,114 - httpx - INFO - HTTP Request: POST https://api.telegram.org/bot7835013090:AAFfvl5iTih4qoXxBRh0wxTYjEQjChBr0Q8/getUpdates "HTTP/1.1 200 OK"
2024-11-16 13:57:03,131 - httpx - INFO - HTTP Request: POST https://api.telegram.org/bot7835013090:AAFfvl5iTih4qoXxBRh0wxTYjEQjChBr0Q8/getUpdates "HTTP/1.1 200 OK"
2024-11-16 13:57:13,175 - httpx - INFO - HTTP Request: POST https://api.telegram.org/bot7835013090:AAFfvl5iTih4qoXxBRh0wxTYjEQjChBr0Q8/getUpdates "HTTP/1.1 200 OK"
2024-11-16 13:57:23,229 - httpx - INFO - HTTP Request: POST https://api.telegram.org/bot7835013090:AAFfvl5iTih4qoXxBRh0wxTYjEQjChBr0Q8/getUpdates "HTTP/1.1 200 OK"
2024-11-16 13:57:33,281 - httpx - INFO - HTTP Request: POST https://api.telegram.org/bot7835013090:AAFfvl5iTih4qoXxBRh0wxTYjEQjChBr0Q8/getUpdates "HTTP/1.1 200 OK"
2024-11-16 13:57:43,375 - httpx - INFO - HTTP Request: POST https://api.telegram.org/bot7835013090:AAFfvl5iTih4qoXxBRh0wxTYjEQjChBr0Q8/getUpdates "HTTP/1.1 200 OK"
2024-11-16 13:57:53,445 - httpx - INFO - HTTP Request: POST https://api.telegram.org/bot7835013090:AAFfvl5iTih4qoXxBRh0wxTYjEQjChBr0Q8/getUpdates "HTTP/1.1 200 OK"
2024-11-16 13:58:03,470 - httpx - INFO - HTTP Request: POST https://api.telegram.org/bot7835013090:AAFfvl5iTih4qoXxBRh0wxTYjEQjChBr0Q8/getUpdates "HTTP/1.1 200 OK"
2024-11-16 13:58:13,500 - httpx - INFO - HTTP Request: POST https://api.telegram.org/bot7835013090:AAFfvl5iTih4qoXxBRh0wxTYjEQjChBr0Q8/getUpdates "HTTP/1.1 200 OK"
2024-11-16 13:58:23,540 - httpx - INFO - HTTP Request: POST https://api.telegram.org/bot7835013090:AAFfvl5iTih4qoXxBRh0wxTYjEQjChBr0Q8/getUpdates "HTTP/1.1 200 OK"
2024-11-16 13:58:33,594 - httpx - INFO - HTTP Request: POST https://api.telegram.org/bot7835013090:AAFfvl5iTih4qoXxBRh0wxTYjEQjChBr0Q8/getUpdates "HTTP/1.1 200 OK"
2024-11-16 13:58:43,668 - httpx - INFO - HTTP Request: POST https://api.telegram.org/bot7835013090:AAFfvl5iTih4qoXxBRh0wxTYjEQjChBr0Q8/getUpdates "HTTP/1.1 200 OK"
2024-11-16 13:58:53,756 - httpx - INFO - HTTP Request: POST https://api.telegram.org/bot7835013090:AAFfvl5iTih4qoXxBRh0wxTYjEQjChBr0Q8/getUpdates "HTTP/1.1 200 OK"
2024-11-16 13:59:03,799 - httpx - INFO - HTTP Request: POST https://api.telegram.org/bot7835013090:AAFfvl5iTih4qoXxBRh0wxTYjEQjChBr0Q8/getUpdates "HTTP/1.1 200 OK"
2024-11-16 13:59:13,835 - httpx - INFO - HTTP Request: POST https://api.telegram.org/bot7835013090:AAFfvl5iTih4qoXxBRh0wxTYjEQjChBr0Q8/getUpdates "HTTP/1.1 200 OK"
2024-11-16 13:59:23,863 - httpx - INFO - HTTP Request: POST https://api.telegram.org/bot7835013090:AAFfvl5iTih4qoXxBRh0wxTYjEQjChBr0Q8/getUpdates "HTTP/1.1 200 OK"
2024-11-16 13:59:33,931 - httpx - INFO - HTTP Request: POST https://api.telegram.org/bot7835013090:AAFfvl5iTih4qoXxBRh0wxTYjEQjChBr0Q8/getUpdates "HTTP/1.1 200 OK"
2024-11-16 13:59:43,990 - httpx - INFO - HTTP Request: POST https://api.telegram.org/bot7835013090:AAFfvl5iTih4qoXxBRh0wxTYjEQjChBr0Q8/getUpdates "HTTP/1.1 200 OK"
2024-11-16 13:59:54,088 - httpx - INFO - HTTP Request: POST https://api.telegram.org/bot7835013090:AAFfvl5iTih4qoXxBRh0wxTYjEQjChBr0Q8/getUpdates "HTTP/1.1 200 OK"
2024-11-16 14:00:04,194 - httpx - INFO - HTTP Request: POST https://api.telegram.org/bot7835013090:AAFfvl5iTih4qoXxBRh0wxTYjEQjChBr0Q8/getUpdates "HTTP/1.1 200 OK"
2024-11-16 14:00:14,226 - httpx - INFO - HTTP Request: POST https://api.telegram.org/bot7835013090:AAFfvl5iTih4qoXxBRh0wxTYjEQjChBr0Q8/getUpdates "HTTP/1.1 200 OK"
2024-11-16 14:00:24,217 - httpx - INFO - HTTP Request: POST https://api.telegram.org/bot7835013090:AAFfvl5iTih4qoXxBRh0wxTYjEQjChBr0Q8/getUpdates "HTTP/1.1 200 OK"
2024-11-16 14:00:34,270 - httpx - INFO - HTTP Request: POST https://api.telegram.org/bot7835013090:AAFfvl5iTih4qoXxBRh0wxTYjEQjChBr0Q8/getUpdates "HTTP/1.1 200 OK"
2024-11-16 14:00:44,320 - httpx - INFO - HTTP Request: POST https://api.telegram.org/bot7835013090:AAFfvl5iTih4qoXxBRh0wxTYjEQjChBr0Q8/getUpdates "HTTP/1.1 200 OK"
2024-11-16 14:00:54,377 - httpx - INFO - HTTP Request: POST https://api.telegram.org/bot7835013090:AAFfvl5iTih4qoXxBRh0wxTYjEQjChBr0Q8/getUpdates "HTTP/1.1 200 OK"
2024-11-16 14:01:03,121 - httpx - INFO - HTTP Request: POST https://api.telegram.org/bot7835013090:AAFfvl5iTih4qoXxBRh0wxTYjEQjChBr0Q8/getUpdates "HTTP/1.1 200 OK"
2024-11-16 14:01:03,122 - telegram.ext.Application - INFO - Application is stopping. This might take a moment.
2024-11-16 14:01:03,122 - telegram.ext.Application - INFO - Application.stop() complete
2024-11-16 14:01:03,559 - httpx - INFO - HTTP Request: POST https://api.telegram.org/bot7835013090:AAFfvl5iTih4qoXxBRh0wxTYjEQjChBr0Q8/getMe "HTTP/1.1 200 OK"
2024-11-16 14:01:03,608 - httpx - INFO - HTTP Request: POST https://api.telegram.org/bot7835013090:AAFfvl5iTih4qoXxBRh0wxTYjEQjChBr0Q8/deleteWebhook "HTTP/1.1 200 OK"
2024-11-16 14:01:03,609 - telegram.ext.Application - INFO - Application started
2024-11-16 14:01:13,751 - httpx - INFO - HTTP Request: POST https://api.telegram.org/bot7835013090:AAFfvl5iTih4qoXxBRh0wxTYjEQjChBr0Q8/getUpdates "HTTP/1.1 200 OK"
2024-11-16 14:01:18,382 - httpx - INFO - HTTP Request: POST https://api.telegram.org/bot7835013090:AAFfvl5iTih4qoXxBRh0wxTYjEQjChBr0Q8/getUpdates "HTTP/1.1 200 OK"
2024-11-16 14:01:18,678 - httpx - INFO - HTTP Request: POST https://api.telegram.org/bot7835013090:AAFfvl5iTih4qoXxBRh0wxTYjEQjChBr0Q8/sendMessage "HTTP/1.1 200 OK"
2024-11-16 14:01:18,849 - httpx - INFO - HTTP Request: POST https://api.telegram.org/bot7835013090:AAFfvl5iTih4qoXxBRh0wxTYjEQjChBr0Q8/sendMessage "HTTP/1.1 200 OK"
2024-11-16 14:01:21,291 - httpx - INFO - HTTP Request: POST https://api.telegram.org/bot7835013090:AAFfvl5iTih4qoXxBRh0wxTYjEQjChBr0Q8/getUpdates "HTTP/1.1 200 OK"
2024-11-16 14:01:21,395 - httpx - INFO - HTTP Request: POST https://api.telegram.org/bot7835013090:AAFfvl5iTih4qoXxBRh0wxTYjEQjChBr0Q8/sendMessage "HTTP/1.1 200 OK"
2024-11-16 14:01:25,931 - httpx - INFO - HTTP Request: POST https://api.telegram.org/bot7835013090:AAFfvl5iTih4qoXxBRh0wxTYjEQjChBr0Q8/getUpdates "HTTP/1.1 200 OK"
2024-11-16 14:01:26,023 - httpx - INFO - HTTP Request: POST https://api.telegram.org/bot7835013090:AAFfvl5iTih4qoXxBRh0wxTYjEQjChBr0Q8/sendMessage "HTTP/1.1 200 OK"
2024-11-16 14:01:31,378 - httpx - INFO - HTTP Request: POST https://api.telegram.org/bot7835013090:AAFfvl5iTih4qoXxBRh0wxTYjEQjChBr0Q8/getUpdates "HTTP/1.1 200 OK"
2024-11-16 14:01:31,534 - httpx - INFO - HTTP Request: POST https://api.telegram.org/bot7835013090:AAFfvl5iTih4qoXxBRh0wxTYjEQjChBr0Q8/getFile "HTTP/1.1 200 OK"
2024-11-16 14:01:31,610 - httpx - INFO - HTTP Request: GET https://api.telegram.org/file/bot7835013090%3AAAFfvl5iTih4qoXxBRh0wxTYjEQjChBr0Q8/photos/file_0.jpg "HTTP/1.1 200 OK"
2024-11-16 14:01:31,902 - httpx - INFO - HTTP Request: POST https://api.telegram.org/bot7835013090:AAFfvl5iTih4qoXxBRh0wxTYjEQjChBr0Q8/sendMessage "HTTP/1.1 200 OK"
2024-11-16 14:01:32,139 - httpx - INFO - HTTP Request: POST https://api.telegram.org/bot7835013090:AAFfvl5iTih4qoXxBRh0wxTYjEQjChBr0Q8/sendMessage "HTTP/1.1 200 OK"
2024-11-16 14:01:41,448 - httpx - INFO - HTTP Request: POST https://api.telegram.org/bot7835013090:AAFfvl5iTih4qoXxBRh0wxTYjEQjChBr0Q8/getUpdates "HTTP/1.1 200 OK"
2024-11-16 14:01:44,731 - httpx - INFO - HTTP Request: POST https://api.telegram.org/bot7835013090:AAFfvl5iTih4qoXxBRh0wxTYjEQjChBr0Q8/getUpdates "HTTP/1.1 200 OK"
2024-11-16 14:01:44,968 - httpx - INFO - HTTP Request: POST https://api.telegram.org/bot7835013090:AAFfvl5iTih4qoXxBRh0wxTYjEQjChBr0Q8/sendMessage "HTTP/1.1 200 OK"
2024-11-16 14:01:45,048 - httpx - INFO - HTTP Request: POST https://api.telegram.org/bot7835013090:AAFfvl5iTih4qoXxBRh0wxTYjEQjChBr0Q8/sendMessage "HTTP/1.1 200 OK"
2024-11-16 14:01:52,134 - httpx - INFO - HTTP Request: POST https://api.telegram.org/bot7835013090:AAFfvl5iTih4qoXxBRh0wxTYjEQjChBr0Q8/getUpdates "HTTP/1.1 200 OK"
2024-11-16 14:01:52,417 - httpx - INFO - HTTP Request: POST https://api.telegram.org/bot7835013090:AAFfvl5iTih4qoXxBRh0wxTYjEQjChBr0Q8/sendMessage "HTTP/1.1 200 OK"
2024-11-16 14:01:52,595 - httpx - INFO - HTTP Request: POST https://api.telegram.org/bot7835013090:AAFfvl5iTih4qoXxBRh0wxTYjEQjChBr0Q8/sendMessage "HTTP/1.1 200 OK"
2024-11-16 14:02:02,192 - httpx - INFO - HTTP Request: POST https://api.telegram.org/bot7835013090:AAFfvl5iTih4qoXxBRh0wxTYjEQjChBr0Q8/getUpdates "HTTP/1.1 200 OK"
2024-11-16 14:02:02,688 - httpx - INFO - HTTP Request: POST https://api.telegram.org/bot7835013090:AAFfvl5iTih4qoXxBRh0wxTYjEQjChBr0Q8/getUpdates "HTTP/1.1 200 OK"
2024-11-16 14:02:05,307 - httpx - INFO - HTTP Request: POST https://api.telegram.org/bot7835013090:AAFfvl5iTih4qoXxBRh0wxTYjEQjChBr0Q8/getUpdates "HTTP/1.1 200 OK"
2024-11-16 14:02:06,691 - httpx - INFO - HTTP Request: POST https://api.telegram.org/bot7835013090:AAFfvl5iTih4qoXxBRh0wxTYjEQjChBr0Q8/getUpdates "HTTP/1.1 200 OK"
2024-11-16 14:02:09,342 - httpx - INFO - HTTP Request: POST https://api.telegram.org/bot7835013090:AAFfvl5iTih4qoXxBRh0wxTYjEQjChBr0Q8/getUpdates "HTTP/1.1 200 OK"
2024-11-16 14:02:09,576 - httpx - INFO - HTTP Request: POST https://api.telegram.org/bot7835013090:AAFfvl5iTih4qoXxBRh0wxTYjEQjChBr0Q8/sendMessage "HTTP/1.1 200 OK"
2024-11-16 14:02:09,681 - httpx - INFO - HTTP Request: POST https://api.telegram.org/bot7835013090:AAFfvl5iTih4qoXxBRh0wxTYjEQjChBr0Q8/sendMessage "HTTP/1.1 200 OK"
2024-11-16 14:02:17,044 - httpx - INFO - HTTP Request: POST https://api.telegram.org/bot7835013090:AAFfvl5iTih4qoXxBRh0wxTYjEQjChBr0Q8/getUpdates "HTTP/1.1 200 OK"
2024-11-16 14:02:25,261 - httpx - INFO - HTTP Request: POST https://api.telegram.org/bot7835013090:AAFfvl5iTih4qoXxBRh0wxTYjEQjChBr0Q8/getUpdates "HTTP/1.1 200 OK"
2024-11-16 14:02:25,502 - httpx - INFO - HTTP Request: POST https://api.telegram.org/bot7835013090:AAFfvl5iTih4qoXxBRh0wxTYjEQjChBr0Q8/sendMessage "HTTP/1.1 200 OK"
2024-11-16 14:02:31,334 - httpx - INFO - HTTP Request: POST https://api.telegram.org/bot7835013090:AAFfvl5iTih4qoXxBRh0wxTYjEQjChBr0Q8/getUpdates "HTTP/1.1 200 OK"
2024-11-16 14:02:31,522 - httpx - INFO - HTTP Request: POST https://api.telegram.org/bot7835013090:AAFfvl5iTih4qoXxBRh0wxTYjEQjChBr0Q8/sendMessage "HTTP/1.1 200 OK"
2024-11-16 14:02:34,231 - httpx - INFO - HTTP Request: POST https://api.telegram.org/bot7835013090:AAFfvl5iTih4qoXxBRh0wxTYjEQjChBr0Q8/getUpdates "HTTP/1.1 200 OK"
2024-11-16 14:02:34,305 - httpx - INFO - HTTP Request: POST https://api.telegram.org/bot7835013090:AAFfvl5iTih4qoXxBRh0wxTYjEQjChBr0Q8/sendMessage "HTTP/1.1 200 OK"
2024-11-16 14:02:34,398 - httpx - INFO - HTTP Request: POST https://api.telegram.org/bot7835013090:AAFfvl5iTih4qoXxBRh0wxTYjEQjChBr0Q8/sendMessage "HTTP/1.1 200 OK"
2024-11-16 14:02:35,322 - httpx - INFO - HTTP Request: POST https://api.telegram.org/bot7835013090:AAFfvl5iTih4qoXxBRh0wxTYjEQjChBr0Q8/getUpdates "HTTP/1.1 200 OK"
2024-11-16 14:02:35,411 - httpx - INFO - HTTP Request: POST https://api.telegram.org/bot7835013090:AAFfvl5iTih4qoXxBRh0wxTYjEQjChBr0Q8/sendMessage "HTTP/1.1 200 OK"
2024-11-16 14:02:35,491 - httpx - INFO - HTTP Request: POST https://api.telegram.org/bot7835013090:AAFfvl5iTih4qoXxBRh0wxTYjEQjChBr0Q8/sendMessage "HTTP/1.1 200 OK"
2024-11-16 14:02:45,377 - httpx - INFO - HTTP Request: POST https://api.telegram.org/bot7835013090:AAFfvl5iTih4qoXxBRh0wxTYjEQjChBr0Q8/getUpdates "HTTP/1.1 200 OK"
2024-11-16 14:02:55,387 - httpx - INFO - HTTP Request: POST https://api.telegram.org/bot7835013090:AAFfvl5iTih4qoXxBRh0wxTYjEQjChBr0Q8/getUpdates "HTTP/1.1 200 OK"
2024-11-16 14:03:05,457 - httpx - INFO - HTTP Request: POST https://api.telegram.org/bot7835013090:AAFfvl5iTih4qoXxBRh0wxTYjEQjChBr0Q8/getUpdates "HTTP/1.1 200 OK"
2024-11-16 14:03:15,508 - httpx - INFO - HTTP Request: POST https://api.telegram.org/bot7835013090:AAFfvl5iTih4qoXxBRh0wxTYjEQjChBr0Q8/getUpdates "HTTP/1.1 200 OK"
2024-11-16 14:03:25,552 - httpx - INFO - HTTP Request: POST https://api.telegram.org/bot7835013090:AAFfvl5iTih4qoXxBRh0wxTYjEQjChBr0Q8/getUpdates "HTTP/1.1 200 OK"
2024-11-16 14:03:35,604 - httpx - INFO - HTTP Request: POST https://api.telegram.org/bot7835013090:AAFfvl5iTih4qoXxBRh0wxTYjEQjChBr0Q8/getUpdates "HTTP/1.1 200 OK"
2024-11-16 14:03:45,627 - httpx - INFO - HTTP Request: POST https://api.telegram.org/bot7835013090:AAFfvl5iTih4qoXxBRh0wxTYjEQjChBr0Q8/getUpdates "HTTP/1.1 200 OK"
2024-11-16 14:03:55,676 - httpx - INFO - HTTP Request: POST https://api.telegram.org/bot7835013090:AAFfvl5iTih4qoXxBRh0wxTYjEQjChBr0Q8/getUpdates "HTTP/1.1 200 OK"
2024-11-16 14:04:05,830 - httpx - INFO - HTTP Request: POST https://api.telegram.org/bot7835013090:AAFfvl5iTih4qoXxBRh0wxTYjEQjChBr0Q8/getUpdates "HTTP/1.1 200 OK"
2024-11-16 14:04:15,953 - httpx - INFO - HTTP Request: POST https://api.telegram.org/bot7835013090:AAFfvl5iTih4qoXxBRh0wxTYjEQjChBr0Q8/getUpdates "HTTP/1.1 200 OK"
2024-11-16 14:04:25,952 - httpx - INFO - HTTP Request: POST https://api.telegram.org/bot7835013090:AAFfvl5iTih4qoXxBRh0wxTYjEQjChBr0Q8/getUpdates "HTTP/1.1 200 OK"
2024-11-16 14:04:35,948 - httpx - INFO - HTTP Request: POST https://api.telegram.org/bot7835013090:AAFfvl5iTih4qoXxBRh0wxTYjEQjChBr0Q8/getUpdates "HTTP/1.1 200 OK"
2024-11-16 14:04:45,982 - httpx - INFO - HTTP Request: POST https://api.telegram.org/bot7835013090:AAFfvl5iTih4qoXxBRh0wxTYjEQjChBr0Q8/getUpdates "HTTP/1.1 200 OK"
2024-11-16 14:04:56,068 - httpx - INFO - HTTP Request: POST https://api.telegram.org/bot7835013090:AAFfvl5iTih4qoXxBRh0wxTYjEQjChBr0Q8/getUpdates "HTTP/1.1 200 OK"
2024-11-16 14:05:06,128 - httpx - INFO - HTTP Request: POST https://api.telegram.org/bot7835013090:AAFfvl5iTih4qoXxBRh0wxTYjEQjChBr0Q8/getUpdates "HTTP/1.1 200 OK"
2024-11-16 14:05:16,182 - httpx - INFO - HTTP Request: POST https://api.telegram.org/bot7835013090:AAFfvl5iTih4qoXxBRh0wxTYjEQjChBr0Q8/getUpdates "HTTP/1.1 200 OK"
2024-11-16 14:05:26,235 - httpx - INFO - HTTP Request: POST https://api.telegram.org/bot7835013090:AAFfvl5iTih4qoXxBRh0wxTYjEQjChBr0Q8/getUpdates "HTTP/1.1 200 OK"
2024-11-16 14:05:36,287 - httpx - INFO - HTTP Request: POST https://api.telegram.org/bot7835013090:AAFfvl5iTih4qoXxBRh0wxTYjEQjChBr0Q8/getUpdates "HTTP/1.1 200 OK"
2024-11-16 14:05:46,372 - httpx - INFO - HTTP Request: POST https://api.telegram.org/bot7835013090:AAFfvl5iTih4qoXxBRh0wxTYjEQjChBr0Q8/getUpdates "HTTP/1.1 200 OK"
2024-11-16 14:05:56,445 - httpx - INFO - HTTP Request: POST https://api.telegram.org/bot7835013090:AAFfvl5iTih4qoXxBRh0wxTYjEQjChBr0Q8/getUpdates "HTTP/1.1 200 OK"
2024-11-16 14:06:06,570 - httpx - INFO - HTTP Request: POST https://api.telegram.org/bot7835013090:AAFfvl5iTih4qoXxBRh0wxTYjEQjChBr0Q8/getUpdates "HTTP/1.1 200 OK"
2024-11-16 14:06:16,608 - httpx - INFO - HTTP Request: POST https://api.telegram.org/bot7835013090:AAFfvl5iTih4qoXxBRh0wxTYjEQjChBr0Q8/getUpdates "HTTP/1.1 200 OK"
2024-11-16 14:06:26,582 - httpx - INFO - HTTP Request: POST https://api.telegram.org/bot7835013090:AAFfvl5iTih4qoXxBRh0wxTYjEQjChBr0Q8/getUpdates "HTTP/1.1 200 OK"
2024-11-16 14:06:36,649 - httpx - INFO - HTTP Request: POST https://api.telegram.org/bot7835013090:AAFfvl5iTih4qoXxBRh0wxTYjEQjChBr0Q8/getUpdates "HTTP/1.1 200 OK"
2024-11-16 14:06:40,358 - httpx - INFO - HTTP Request: POST https://api.telegram.org/bot7835013090:AAFfvl5iTih4qoXxBRh0wxTYjEQjChBr0Q8/getUpdates "HTTP/1.1 200 OK"
2024-11-16 14:06:40,359 - telegram.ext.Application - INFO - Application is stopping. This might take a moment.
2024-11-16 14:06:40,359 - telegram.ext.Application - INFO - Application.stop() complete
2024-11-16 14:06:40,801 - httpx - INFO - HTTP Request: POST https://api.telegram.org/bot7835013090:AAFfvl5iTih4qoXxBRh0wxTYjEQjChBr0Q8/getMe "HTTP/1.1 200 OK"
2024-11-16 14:06:40,849 - httpx - INFO - HTTP Request: POST https://api.telegram.org/bot7835013090:AAFfvl5iTih4qoXxBRh0wxTYjEQjChBr0Q8/deleteWebhook "HTTP/1.1 200 OK"
2024-11-16 14:06:40,850 - telegram.ext.Application - INFO - Application started
2024-11-16 14:06:45,256 - httpx - INFO - HTTP Request: POST https://api.telegram.org/bot7835013090:AAFfvl5iTih4qoXxBRh0wxTYjEQjChBr0Q8/getUpdates "HTTP/1.1 200 OK"
2024-11-16 14:06:45,433 - httpx - INFO - HTTP Request: POST https://api.telegram.org/bot7835013090:AAFfvl5iTih4qoXxBRh0wxTYjEQjChBr0Q8/sendMessage "HTTP/1.1 200 OK"
2024-11-16 14:06:45,584 - httpx - INFO - HTTP Request: POST https://api.telegram.org/bot7835013090:AAFfvl5iTih4qoXxBRh0wxTYjEQjChBr0Q8/sendMessage "HTTP/1.1 200 OK"
2024-11-16 14:06:47,230 - httpx - INFO - HTTP Request: POST https://api.telegram.org/bot7835013090:AAFfvl5iTih4qoXxBRh0wxTYjEQjChBr0Q8/getUpdates "HTTP/1.1 200 OK"
2024-11-16 14:06:47,305 - httpx - INFO - HTTP Request: POST https://api.telegram.org/bot7835013090:AAFfvl5iTih4qoXxBRh0wxTYjEQjChBr0Q8/sendMessage "HTTP/1.1 200 OK"
2024-11-16 14:06:57,260 - httpx - INFO - HTTP Request: POST https://api.telegram.org/bot7835013090:AAFfvl5iTih4qoXxBRh0wxTYjEQjChBr0Q8/getUpdates "HTTP/1.1 200 OK"
2024-11-16 14:06:58,106 - httpx - INFO - HTTP Request: POST https://api.telegram.org/bot7835013090:AAFfvl5iTih4qoXxBRh0wxTYjEQjChBr0Q8/getUpdates "HTTP/1.1 200 OK"
2024-11-16 14:06:58,306 - httpx - INFO - HTTP Request: POST https://api.telegram.org/bot7835013090:AAFfvl5iTih4qoXxBRh0wxTYjEQjChBr0Q8/sendMessage "HTTP/1.1 200 OK"
2024-11-16 14:07:03,069 - httpx - INFO - HTTP Request: POST https://api.telegram.org/bot7835013090:AAFfvl5iTih4qoXxBRh0wxTYjEQjChBr0Q8/getUpdates "HTTP/1.1 200 OK"
2024-11-16 14:07:03,146 - httpx - INFO - HTTP Request: POST https://api.telegram.org/bot7835013090:AAFfvl5iTih4qoXxBRh0wxTYjEQjChBr0Q8/sendMessage "HTTP/1.1 200 OK"
2024-11-16 14:07:03,223 - httpx - INFO - HTTP Request: POST https://api.telegram.org/bot7835013090:AAFfvl5iTih4qoXxBRh0wxTYjEQjChBr0Q8/sendMessage "HTTP/1.1 200 OK"
2024-11-16 14:07:04,216 - httpx - INFO - HTTP Request: POST https://api.telegram.org/bot7835013090:AAFfvl5iTih4qoXxBRh0wxTYjEQjChBr0Q8/getUpdates "HTTP/1.1 200 OK"
2024-11-16 14:07:04,354 - httpx - INFO - HTTP Request: POST https://api.telegram.org/bot7835013090:AAFfvl5iTih4qoXxBRh0wxTYjEQjChBr0Q8/sendMessage "HTTP/1.1 200 OK"
2024-11-16 14:07:04,430 - httpx - INFO - HTTP Request: POST https://api.telegram.org/bot7835013090:AAFfvl5iTih4qoXxBRh0wxTYjEQjChBr0Q8/sendMessage "HTTP/1.1 200 OK"
2024-11-16 14:07:09,150 - httpx - INFO - HTTP Request: POST https://api.telegram.org/bot7835013090:AAFfvl5iTih4qoXxBRh0wxTYjEQjChBr0Q8/getUpdates "HTTP/1.1 200 OK"
2024-11-16 14:07:09,150 - telegram.ext.Application - INFO - Application is stopping. This might take a moment.
2024-11-16 14:07:09,150 - telegram.ext.Application - INFO - Application.stop() complete
2024-11-16 14:07:33,044 - httpx - INFO - HTTP Request: POST https://api.telegram.org/bot7835013090:AAFfvl5iTih4qoXxBRh0wxTYjEQjChBr0Q8/getMe "HTTP/1.1 200 OK"
2024-11-16 14:07:33,120 - httpx - INFO - HTTP Request: POST https://api.telegram.org/bot7835013090:AAFfvl5iTih4qoXxBRh0wxTYjEQjChBr0Q8/deleteWebhook "HTTP/1.1 200 OK"
2024-11-16 14:07:33,121 - telegram.ext.Application - INFO - Application started
2024-11-16 14:07:37,507 - httpx - INFO - HTTP Request: POST https://api.telegram.org/bot7835013090:AAFfvl5iTih4qoXxBRh0wxTYjEQjChBr0Q8/getUpdates "HTTP/1.1 200 OK"
2024-11-16 14:07:37,585 - httpx - INFO - HTTP Request: POST https://api.telegram.org/bot7835013090:AAFfvl5iTih4qoXxBRh0wxTYjEQjChBr0Q8/sendMessage "HTTP/1.1 200 OK"
2024-11-16 14:07:37,675 - httpx - INFO - HTTP Request: POST https://api.telegram.org/bot7835013090:AAFfvl5iTih4qoXxBRh0wxTYjEQjChBr0Q8/sendMessage "HTTP/1.1 200 OK"
2024-11-16 14:07:38,784 - httpx - INFO - HTTP Request: POST https://api.telegram.org/bot7835013090:AAFfvl5iTih4qoXxBRh0wxTYjEQjChBr0Q8/getUpdates "HTTP/1.1 200 OK"
2024-11-16 14:07:38,933 - httpx - INFO - HTTP Request: POST https://api.telegram.org/bot7835013090:AAFfvl5iTih4qoXxBRh0wxTYjEQjChBr0Q8/sendMessage "HTTP/1.1 200 OK"
2024-11-16 14:07:44,614 - httpx - INFO - HTTP Request: POST https://api.telegram.org/bot7835013090:AAFfvl5iTih4qoXxBRh0wxTYjEQjChBr0Q8/getUpdates "HTTP/1.1 200 OK"
2024-11-16 14:07:44,786 - httpx - INFO - HTTP Request: POST https://api.telegram.org/bot7835013090:AAFfvl5iTih4qoXxBRh0wxTYjEQjChBr0Q8/sendMessage "HTTP/1.1 200 OK"
2024-11-16 14:07:46,160 - httpx - INFO - HTTP Request: POST https://api.telegram.org/bot7835013090:AAFfvl5iTih4qoXxBRh0wxTYjEQjChBr0Q8/getUpdates "HTTP/1.1 200 OK"
2024-11-16 14:07:46,235 - httpx - INFO - HTTP Request: POST https://api.telegram.org/bot7835013090:AAFfvl5iTih4qoXxBRh0wxTYjEQjChBr0Q8/sendMessage "HTTP/1.1 200 OK"
2024-11-16 14:07:47,580 - httpx - INFO - HTTP Request: POST https://api.telegram.org/bot7835013090:AAFfvl5iTih4qoXxBRh0wxTYjEQjChBr0Q8/getUpdates "HTTP/1.1 200 OK"
2024-11-16 14:07:47,670 - httpx - INFO - HTTP Request: POST https://api.telegram.org/bot7835013090:AAFfvl5iTih4qoXxBRh0wxTYjEQjChBr0Q8/sendMessage "HTTP/1.1 200 OK"
2024-11-16 14:07:47,742 - httpx - INFO - HTTP Request: POST https://api.telegram.org/bot7835013090:AAFfvl5iTih4qoXxBRh0wxTYjEQjChBr0Q8/sendMessage "HTTP/1.1 200 OK"
2024-11-16 14:07:57,659 - httpx - INFO - HTTP Request: POST https://api.telegram.org/bot7835013090:AAFfvl5iTih4qoXxBRh0wxTYjEQjChBr0Q8/getUpdates "HTTP/1.1 200 OK"
2024-11-16 14:08:02,397 - httpx - INFO - HTTP Request: POST https://api.telegram.org/bot7835013090:AAFfvl5iTih4qoXxBRh0wxTYjEQjChBr0Q8/getUpdates "HTTP/1.1 200 OK"
2024-11-16 14:08:02,398 - telegram.ext.Application - INFO - Application is stopping. This might take a moment.
2024-11-16 14:08:02,398 - telegram.ext.Application - INFO - Application.stop() complete
2024-11-16 14:14:57,916 - httpx - INFO - HTTP Request: POST https://api.telegram.org/bot7835013090:AAFfvl5iTih4qoXxBRh0wxTYjEQjChBr0Q8/getMe "HTTP/1.1 200 OK"
2024-11-16 14:14:57,965 - httpx - INFO - HTTP Request: POST https://api.telegram.org/bot7835013090:AAFfvl5iTih4qoXxBRh0wxTYjEQjChBr0Q8/deleteWebhook "HTTP/1.1 200 OK"
2024-11-16 14:14:57,966 - telegram.ext.Application - INFO - Application started
2024-11-16 14:15:03,635 - httpx - INFO - HTTP Request: POST https://api.telegram.org/bot7835013090:AAFfvl5iTih4qoXxBRh0wxTYjEQjChBr0Q8/getUpdates "HTTP/1.1 200 OK"
2024-11-16 14:15:03,878 - httpx - INFO - HTTP Request: POST https://api.telegram.org/bot7835013090:AAFfvl5iTih4qoXxBRh0wxTYjEQjChBr0Q8/sendMessage "HTTP/1.1 200 OK"
2024-11-16 14:15:04,029 - httpx - INFO - HTTP Request: POST https://api.telegram.org/bot7835013090:AAFfvl5iTih4qoXxBRh0wxTYjEQjChBr0Q8/sendMessage "HTTP/1.1 200 OK"
2024-11-16 14:15:06,379 - httpx - INFO - HTTP Request: POST https://api.telegram.org/bot7835013090:AAFfvl5iTih4qoXxBRh0wxTYjEQjChBr0Q8/getUpdates "HTTP/1.1 200 OK"
2024-11-16 14:15:06,471 - httpx - INFO - HTTP Request: POST https://api.telegram.org/bot7835013090:AAFfvl5iTih4qoXxBRh0wxTYjEQjChBr0Q8/sendMessage "HTTP/1.1 200 OK"
2024-11-16 14:15:06,564 - httpx - INFO - HTTP Request: POST https://api.telegram.org/bot7835013090:AAFfvl5iTih4qoXxBRh0wxTYjEQjChBr0Q8/sendMessage "HTTP/1.1 200 OK"
2024-11-16 14:15:11,599 - httpx - INFO - HTTP Request: POST https://api.telegram.org/bot7835013090:AAFfvl5iTih4qoXxBRh0wxTYjEQjChBr0Q8/getUpdates "HTTP/1.1 200 OK"
2024-11-16 14:15:11,843 - httpx - INFO - HTTP Request: POST https://api.telegram.org/bot7835013090:AAFfvl5iTih4qoXxBRh0wxTYjEQjChBr0Q8/sendMessage "HTTP/1.1 200 OK"
2024-11-16 14:15:15,366 - httpx - INFO - HTTP Request: POST https://api.telegram.org/bot7835013090:AAFfvl5iTih4qoXxBRh0wxTYjEQjChBr0Q8/getUpdates "HTTP/1.1 200 OK"
2024-11-16 14:15:15,434 - httpx - INFO - HTTP Request: POST https://api.telegram.org/bot7835013090:AAFfvl5iTih4qoXxBRh0wxTYjEQjChBr0Q8/sendMessage "HTTP/1.1 200 OK"
2024-11-16 14:15:15,504 - httpx - INFO - HTTP Request: POST https://api.telegram.org/bot7835013090:AAFfvl5iTih4qoXxBRh0wxTYjEQjChBr0Q8/sendMessage "HTTP/1.1 200 OK"
2024-11-16 14:15:16,399 - httpx - INFO - HTTP Request: POST https://api.telegram.org/bot7835013090:AAFfvl5iTih4qoXxBRh0wxTYjEQjChBr0Q8/getUpdates "HTTP/1.1 200 OK"
2024-11-16 14:15:16,543 - httpx - INFO - HTTP Request: POST https://api.telegram.org/bot7835013090:AAFfvl5iTih4qoXxBRh0wxTYjEQjChBr0Q8/sendMessage "HTTP/1.1 200 OK"
2024-11-16 14:15:16,624 - httpx - INFO - HTTP Request: POST https://api.telegram.org/bot7835013090:AAFfvl5iTih4qoXxBRh0wxTYjEQjChBr0Q8/sendMessage "HTTP/1.1 200 OK"
2024-11-16 14:15:24,021 - httpx - INFO - HTTP Request: POST https://api.telegram.org/bot7835013090:AAFfvl5iTih4qoXxBRh0wxTYjEQjChBr0Q8/getUpdates "HTTP/1.1 200 OK"
2024-11-16 14:15:24,022 - telegram.ext.Application - INFO - Application is stopping. This might take a moment.
2024-11-16 14:15:24,022 - telegram.ext.Application - INFO - Application.stop() complete
2024-11-16 14:17:11,297 - httpx - INFO - HTTP Request: POST https://api.telegram.org/bot7835013090:AAFfvl5iTih4qoXxBRh0wxTYjEQjChBr0Q8/getMe "HTTP/1.1 200 OK"
2024-11-16 14:17:11,348 - httpx - INFO - HTTP Request: POST https://api.telegram.org/bot7835013090:AAFfvl5iTih4qoXxBRh0wxTYjEQjChBr0Q8/deleteWebhook "HTTP/1.1 200 OK"
2024-11-16 14:17:11,349 - telegram.ext.Application - INFO - Application started
2024-11-16 14:17:17,720 - httpx - INFO - HTTP Request: POST https://api.telegram.org/bot7835013090:AAFfvl5iTih4qoXxBRh0wxTYjEQjChBr0Q8/getUpdates "HTTP/1.1 200 OK"
2024-11-16 14:17:17,958 - httpx - INFO - HTTP Request: POST https://api.telegram.org/bot7835013090:AAFfvl5iTih4qoXxBRh0wxTYjEQjChBr0Q8/sendMessage "HTTP/1.1 200 OK"
2024-11-16 14:17:18,073 - httpx - INFO - HTTP Request: POST https://api.telegram.org/bot7835013090:AAFfvl5iTih4qoXxBRh0wxTYjEQjChBr0Q8/sendMessage "HTTP/1.1 200 OK"
2024-11-16 14:17:19,664 - httpx - INFO - HTTP Request: POST https://api.telegram.org/bot7835013090:AAFfvl5iTih4qoXxBRh0wxTYjEQjChBr0Q8/getUpdates "HTTP/1.1 200 OK"
2024-11-16 14:17:19,755 - httpx - INFO - HTTP Request: POST https://api.telegram.org/bot7835013090:AAFfvl5iTih4qoXxBRh0wxTYjEQjChBr0Q8/sendMessage "HTTP/1.1 200 OK"
2024-11-16 14:17:20,602 - httpx - INFO - HTTP Request: POST https://api.telegram.org/bot7835013090:AAFfvl5iTih4qoXxBRh0wxTYjEQjChBr0Q8/sendMessage "HTTP/1.1 200 OK"
2024-11-16 14:17:22,821 - httpx - INFO - HTTP Request: POST https://api.telegram.org/bot7835013090:AAFfvl5iTih4qoXxBRh0wxTYjEQjChBr0Q8/getUpdates "HTTP/1.1 200 OK"
2024-11-16 14:17:22,912 - httpx - INFO - HTTP Request: POST https://api.telegram.org/bot7835013090:AAFfvl5iTih4qoXxBRh0wxTYjEQjChBr0Q8/sendMessage "HTTP/1.1 200 OK"
2024-11-16 14:17:30,550 - httpx - INFO - HTTP Request: POST https://api.telegram.org/bot7835013090:AAFfvl5iTih4qoXxBRh0wxTYjEQjChBr0Q8/getUpdates "HTTP/1.1 200 OK"
2024-11-16 14:17:30,781 - httpx - INFO - HTTP Request: POST https://api.telegram.org/bot7835013090:AAFfvl5iTih4qoXxBRh0wxTYjEQjChBr0Q8/sendMessage "HTTP/1.1 200 OK"
2024-11-16 14:17:31,424 - httpx - INFO - HTTP Request: POST https://api.telegram.org/bot7835013090:AAFfvl5iTih4qoXxBRh0wxTYjEQjChBr0Q8/getUpdates "HTTP/1.1 200 OK"
2024-11-16 14:17:31,635 - httpx - INFO - HTTP Request: POST https://api.telegram.org/bot7835013090:AAFfvl5iTih4qoXxBRh0wxTYjEQjChBr0Q8/sendMessage "HTTP/1.1 200 OK"
2024-11-16 14:17:31,766 - httpx - INFO - HTTP Request: POST https://api.telegram.org/bot7835013090:AAFfvl5iTih4qoXxBRh0wxTYjEQjChBr0Q8/sendMessage "HTTP/1.1 200 OK"
2024-11-16 14:17:31,909 - httpx - INFO - HTTP Request: POST https://api.telegram.org/bot7835013090:AAFfvl5iTih4qoXxBRh0wxTYjEQjChBr0Q8/sendMessage "HTTP/1.1 200 OK"
2024-11-16 14:17:41,549 - httpx - INFO - HTTP Request: POST https://api.telegram.org/bot7835013090:AAFfvl5iTih4qoXxBRh0wxTYjEQjChBr0Q8/getUpdates "HTTP/1.1 200 OK"
2024-11-16 14:17:51,685 - httpx - INFO - HTTP Request: POST https://api.telegram.org/bot7835013090:AAFfvl5iTih4qoXxBRh0wxTYjEQjChBr0Q8/getUpdates "HTTP/1.1 200 OK"
2024-11-16 14:18:01,782 - httpx - INFO - HTTP Request: POST https://api.telegram.org/bot7835013090:AAFfvl5iTih4qoXxBRh0wxTYjEQjChBr0Q8/getUpdates "HTTP/1.1 200 OK"
2024-11-16 14:18:11,832 - httpx - INFO - HTTP Request: POST https://api.telegram.org/bot7835013090:AAFfvl5iTih4qoXxBRh0wxTYjEQjChBr0Q8/getUpdates "HTTP/1.1 200 OK"
2024-11-16 14:18:21,828 - httpx - INFO - HTTP Request: POST https://api.telegram.org/bot7835013090:AAFfvl5iTih4qoXxBRh0wxTYjEQjChBr0Q8/getUpdates "HTTP/1.1 200 OK"
2024-11-16 14:18:31,827 - httpx - INFO - HTTP Request: POST https://api.telegram.org/bot7835013090:AAFfvl5iTih4qoXxBRh0wxTYjEQjChBr0Q8/getUpdates "HTTP/1.1 200 OK"
2024-11-16 14:18:41,876 - httpx - INFO - HTTP Request: POST https://api.telegram.org/bot7835013090:AAFfvl5iTih4qoXxBRh0wxTYjEQjChBr0Q8/getUpdates "HTTP/1.1 200 OK"
2024-11-16 14:18:51,923 - httpx - INFO - HTTP Request: POST https://api.telegram.org/bot7835013090:AAFfvl5iTih4qoXxBRh0wxTYjEQjChBr0Q8/getUpdates "HTTP/1.1 200 OK"
2024-11-16 14:19:01,998 - httpx - INFO - HTTP Request: POST https://api.telegram.org/bot7835013090:AAFfvl5iTih4qoXxBRh0wxTYjEQjChBr0Q8/getUpdates "HTTP/1.1 200 OK"
2024-11-16 14:19:12,072 - httpx - INFO - HTTP Request: POST https://api.telegram.org/bot7835013090:AAFfvl5iTih4qoXxBRh0wxTYjEQjChBr0Q8/getUpdates "HTTP/1.1 200 OK"
2024-11-16 14:19:22,133 - httpx - INFO - HTTP Request: POST https://api.telegram.org/bot7835013090:AAFfvl5iTih4qoXxBRh0wxTYjEQjChBr0Q8/getUpdates "HTTP/1.1 200 OK"
2024-11-16 14:19:32,284 - httpx - INFO - HTTP Request: POST https://api.telegram.org/bot7835013090:AAFfvl5iTih4qoXxBRh0wxTYjEQjChBr0Q8/getUpdates "HTTP/1.1 200 OK"
2024-11-16 14:19:42,352 - httpx - INFO - HTTP Request: POST https://api.telegram.org/bot7835013090:AAFfvl5iTih4qoXxBRh0wxTYjEQjChBr0Q8/getUpdates "HTTP/1.1 200 OK"
2024-11-16 14:19:52,316 - httpx - INFO - HTTP Request: POST https://api.telegram.org/bot7835013090:AAFfvl5iTih4qoXxBRh0wxTYjEQjChBr0Q8/getUpdates "HTTP/1.1 200 OK"
2024-11-16 14:20:02,330 - httpx - INFO - HTTP Request: POST https://api.telegram.org/bot7835013090:AAFfvl5iTih4qoXxBRh0wxTYjEQjChBr0Q8/getUpdates "HTTP/1.1 200 OK"
2024-11-16 14:20:12,397 - httpx - INFO - HTTP Request: POST https://api.telegram.org/bot7835013090:AAFfvl5iTih4qoXxBRh0wxTYjEQjChBr0Q8/getUpdates "HTTP/1.1 200 OK"
2024-11-16 14:20:22,460 - httpx - INFO - HTTP Request: POST https://api.telegram.org/bot7835013090:AAFfvl5iTih4qoXxBRh0wxTYjEQjChBr0Q8/getUpdates "HTTP/1.1 200 OK"
2024-11-16 14:20:32,524 - httpx - INFO - HTTP Request: POST https://api.telegram.org/bot7835013090:AAFfvl5iTih4qoXxBRh0wxTYjEQjChBr0Q8/getUpdates "HTTP/1.1 200 OK"
2024-11-16 14:20:42,579 - httpx - INFO - HTTP Request: POST https://api.telegram.org/bot7835013090:AAFfvl5iTih4qoXxBRh0wxTYjEQjChBr0Q8/getUpdates "HTTP/1.1 200 OK"
2024-11-16 14:20:52,639 - httpx - INFO - HTTP Request: POST https://api.telegram.org/bot7835013090:AAFfvl5iTih4qoXxBRh0wxTYjEQjChBr0Q8/getUpdates "HTTP/1.1 200 OK"
2024-11-16 14:20:58,114 - httpx - INFO - HTTP Request: POST https://api.telegram.org/bot7835013090:AAFfvl5iTih4qoXxBRh0wxTYjEQjChBr0Q8/getUpdates "HTTP/1.1 200 OK"
2024-11-16 14:20:58,115 - telegram.ext.Application - INFO - Application is stopping. This might take a moment.
2024-11-16 14:20:58,115 - telegram.ext.Application - INFO - Application.stop() complete
2024-11-16 14:20:58,565 - httpx - INFO - HTTP Request: POST https://api.telegram.org/bot7835013090:AAFfvl5iTih4qoXxBRh0wxTYjEQjChBr0Q8/getMe "HTTP/1.1 200 OK"
2024-11-16 14:20:58,632 - httpx - INFO - HTTP Request: POST https://api.telegram.org/bot7835013090:AAFfvl5iTih4qoXxBRh0wxTYjEQjChBr0Q8/deleteWebhook "HTTP/1.1 200 OK"
2024-11-16 14:20:58,633 - telegram.ext.Application - INFO - Application started
2024-11-16 14:21:01,760 - httpx - INFO - HTTP Request: POST https://api.telegram.org/bot7835013090:AAFfvl5iTih4qoXxBRh0wxTYjEQjChBr0Q8/getUpdates "HTTP/1.1 200 OK"
2024-11-16 14:21:01,840 - httpx - INFO - HTTP Request: POST https://api.telegram.org/bot7835013090:AAFfvl5iTih4qoXxBRh0wxTYjEQjChBr0Q8/sendMessage "HTTP/1.1 200 OK"
2024-11-16 14:21:01,933 - httpx - INFO - HTTP Request: POST https://api.telegram.org/bot7835013090:AAFfvl5iTih4qoXxBRh0wxTYjEQjChBr0Q8/sendMessage "HTTP/1.1 200 OK"
2024-11-16 14:21:03,218 - httpx - INFO - HTTP Request: POST https://api.telegram.org/bot7835013090:AAFfvl5iTih4qoXxBRh0wxTYjEQjChBr0Q8/getUpdates "HTTP/1.1 200 OK"
2024-11-16 14:21:03,296 - httpx - INFO - HTTP Request: POST https://api.telegram.org/bot7835013090:AAFfvl5iTih4qoXxBRh0wxTYjEQjChBr0Q8/sendMessage "HTTP/1.1 200 OK"
2024-11-16 14:21:03,376 - httpx - INFO - HTTP Request: POST https://api.telegram.org/bot7835013090:AAFfvl5iTih4qoXxBRh0wxTYjEQjChBr0Q8/sendMessage "HTTP/1.1 200 OK"
2024-11-16 14:21:13,269 - httpx - INFO - HTTP Request: POST https://api.telegram.org/bot7835013090:AAFfvl5iTih4qoXxBRh0wxTYjEQjChBr0Q8/getUpdates "HTTP/1.1 200 OK"
2024-11-16 14:21:23,322 - httpx - INFO - HTTP Request: POST https://api.telegram.org/bot7835013090:AAFfvl5iTih4qoXxBRh0wxTYjEQjChBr0Q8/getUpdates "HTTP/1.1 200 OK"
2024-11-16 14:21:29,626 - httpx - INFO - HTTP Request: POST https://api.telegram.org/bot7835013090:AAFfvl5iTih4qoXxBRh0wxTYjEQjChBr0Q8/getUpdates "HTTP/1.1 200 OK"
2024-11-16 14:21:29,840 - httpx - INFO - HTTP Request: POST https://api.telegram.org/bot7835013090:AAFfvl5iTih4qoXxBRh0wxTYjEQjChBr0Q8/sendMessage "HTTP/1.1 200 OK"
2024-11-16 14:21:29,937 - httpx - INFO - HTTP Request: POST https://api.telegram.org/bot7835013090:AAFfvl5iTih4qoXxBRh0wxTYjEQjChBr0Q8/sendMessage "HTTP/1.1 200 OK"
2024-11-16 14:21:39,789 - httpx - INFO - HTTP Request: POST https://api.telegram.org/bot7835013090:AAFfvl5iTih4qoXxBRh0wxTYjEQjChBr0Q8/getUpdates "HTTP/1.1 200 OK"
2024-11-16 14:21:40,753 - httpx - INFO - HTTP Request: POST https://api.telegram.org/bot7835013090:AAFfvl5iTih4qoXxBRh0wxTYjEQjChBr0Q8/getUpdates "HTTP/1.1 200 OK"
2024-11-16 14:21:40,932 - httpx - INFO - HTTP Request: POST https://api.telegram.org/bot7835013090:AAFfvl5iTih4qoXxBRh0wxTYjEQjChBr0Q8/sendMessage "HTTP/1.1 200 OK"
2024-11-16 14:21:50,831 - httpx - INFO - HTTP Request: POST https://api.telegram.org/bot7835013090:AAFfvl5iTih4qoXxBRh0wxTYjEQjChBr0Q8/getUpdates "HTTP/1.1 200 OK"
2024-11-16 14:22:00,822 - httpx - INFO - HTTP Request: POST https://api.telegram.org/bot7835013090:AAFfvl5iTih4qoXxBRh0wxTYjEQjChBr0Q8/getUpdates "HTTP/1.1 200 OK"
2024-11-16 14:22:10,840 - httpx - INFO - HTTP Request: POST https://api.telegram.org/bot7835013090:AAFfvl5iTih4qoXxBRh0wxTYjEQjChBr0Q8/getUpdates "HTTP/1.1 200 OK"
2024-11-16 14:22:15,972 - httpx - INFO - HTTP Request: POST https://api.telegram.org/bot7835013090:AAFfvl5iTih4qoXxBRh0wxTYjEQjChBr0Q8/getUpdates "HTTP/1.1 200 OK"
2024-11-16 14:22:16,161 - httpx - INFO - HTTP Request: POST https://api.telegram.org/bot7835013090:AAFfvl5iTih4qoXxBRh0wxTYjEQjChBr0Q8/sendMessage "HTTP/1.1 200 OK"
2024-11-16 14:22:16,238 - httpx - INFO - HTTP Request: POST https://api.telegram.org/bot7835013090:AAFfvl5iTih4qoXxBRh0wxTYjEQjChBr0Q8/sendMessage "HTTP/1.1 200 OK"
2024-11-16 14:22:25,996 - httpx - INFO - HTTP Request: POST https://api.telegram.org/bot7835013090:AAFfvl5iTih4qoXxBRh0wxTYjEQjChBr0Q8/getUpdates "HTTP/1.1 200 OK"
2024-11-16 14:22:32,158 - httpx - INFO - HTTP Request: POST https://api.telegram.org/bot7835013090:AAFfvl5iTih4qoXxBRh0wxTYjEQjChBr0Q8/getUpdates "HTTP/1.1 200 OK"
2024-11-16 14:22:32,159 - telegram.ext.Application - INFO - Application is stopping. This might take a moment.
2024-11-16 14:22:32,159 - telegram.ext.Application - INFO - Application.stop() complete
2024-11-16 14:31:19,086 - httpx - INFO - HTTP Request: POST https://api.telegram.org/bot7835013090:AAFfvl5iTih4qoXxBRh0wxTYjEQjChBr0Q8/getMe "HTTP/1.1 200 OK"
2024-11-16 14:31:19,147 - httpx - INFO - HTTP Request: POST https://api.telegram.org/bot7835013090:AAFfvl5iTih4qoXxBRh0wxTYjEQjChBr0Q8/deleteWebhook "HTTP/1.1 200 OK"
2024-11-16 14:31:19,149 - telegram.ext.Application - INFO - Application started
2024-11-16 14:31:25,694 - httpx - INFO - HTTP Request: POST https://api.telegram.org/bot7835013090:AAFfvl5iTih4qoXxBRh0wxTYjEQjChBr0Q8/getUpdates "HTTP/1.1 200 OK"
2024-11-16 14:31:25,881 - httpx - INFO - HTTP Request: POST https://api.telegram.org/bot7835013090:AAFfvl5iTih4qoXxBRh0wxTYjEQjChBr0Q8/sendMessage "HTTP/1.1 200 OK"
2024-11-16 14:31:25,985 - httpx - INFO - HTTP Request: POST https://api.telegram.org/bot7835013090:AAFfvl5iTih4qoXxBRh0wxTYjEQjChBr0Q8/sendMessage "HTTP/1.1 200 OK"
2024-11-16 14:31:27,248 - httpx - INFO - HTTP Request: POST https://api.telegram.org/bot7835013090:AAFfvl5iTih4qoXxBRh0wxTYjEQjChBr0Q8/getUpdates "HTTP/1.1 200 OK"
2024-11-16 14:31:27,325 - httpx - INFO - HTTP Request: POST https://api.telegram.org/bot7835013090:AAFfvl5iTih4qoXxBRh0wxTYjEQjChBr0Q8/sendMessage "HTTP/1.1 200 OK"
2024-11-16 14:31:27,407 - httpx - INFO - HTTP Request: POST https://api.telegram.org/bot7835013090:AAFfvl5iTih4qoXxBRh0wxTYjEQjChBr0Q8/sendMessage "HTTP/1.1 200 OK"
2024-11-16 14:31:35,103 - httpx - INFO - HTTP Request: POST https://api.telegram.org/bot7835013090:AAFfvl5iTih4qoXxBRh0wxTYjEQjChBr0Q8/getUpdates "HTTP/1.1 200 OK"
2024-11-16 14:31:35,406 - httpx - INFO - HTTP Request: POST https://api.telegram.org/bot7835013090:AAFfvl5iTih4qoXxBRh0wxTYjEQjChBr0Q8/sendMessage "HTTP/1.1 200 OK"
2024-11-16 14:31:35,617 - httpx - INFO - HTTP Request: POST https://api.telegram.org/bot7835013090:AAFfvl5iTih4qoXxBRh0wxTYjEQjChBr0Q8/sendMessage "HTTP/1.1 200 OK"
2024-11-16 14:31:39,372 - httpx - INFO - HTTP Request: POST https://api.telegram.org/bot7835013090:AAFfvl5iTih4qoXxBRh0wxTYjEQjChBr0Q8/getUpdates "HTTP/1.1 200 OK"
2024-11-16 14:31:39,489 - httpx - INFO - HTTP Request: POST https://api.telegram.org/bot7835013090:AAFfvl5iTih4qoXxBRh0wxTYjEQjChBr0Q8/sendMessage "HTTP/1.1 200 OK"
2024-11-16 14:31:39,601 - httpx - INFO - HTTP Request: POST https://api.telegram.org/bot7835013090:AAFfvl5iTih4qoXxBRh0wxTYjEQjChBr0Q8/sendMessage "HTTP/1.1 200 OK"
2024-11-16 14:31:44,625 - httpx - INFO - HTTP Request: POST https://api.telegram.org/bot7835013090:AAFfvl5iTih4qoXxBRh0wxTYjEQjChBr0Q8/getUpdates "HTTP/1.1 200 OK"
2024-11-16 14:31:44,850 - httpx - INFO - HTTP Request: POST https://api.telegram.org/bot7835013090:AAFfvl5iTih4qoXxBRh0wxTYjEQjChBr0Q8/sendMessage "HTTP/1.1 200 OK"
2024-11-16 14:31:44,933 - httpx - INFO - HTTP Request: POST https://api.telegram.org/bot7835013090:AAFfvl5iTih4qoXxBRh0wxTYjEQjChBr0Q8/sendMessage "HTTP/1.1 200 OK"
2024-11-16 14:31:45,018 - httpx - INFO - HTTP Request: POST https://api.telegram.org/bot7835013090:AAFfvl5iTih4qoXxBRh0wxTYjEQjChBr0Q8/sendMessage "HTTP/1.1 200 OK"
2024-11-16 14:31:54,691 - httpx - INFO - HTTP Request: POST https://api.telegram.org/bot7835013090:AAFfvl5iTih4qoXxBRh0wxTYjEQjChBr0Q8/getUpdates "HTTP/1.1 200 OK"
2024-11-16 14:32:04,786 - httpx - INFO - HTTP Request: POST https://api.telegram.org/bot7835013090:AAFfvl5iTih4qoXxBRh0wxTYjEQjChBr0Q8/getUpdates "HTTP/1.1 200 OK"
2024-11-16 14:32:14,847 - httpx - INFO - HTTP Request: POST https://api.telegram.org/bot7835013090:AAFfvl5iTih4qoXxBRh0wxTYjEQjChBr0Q8/getUpdates "HTTP/1.1 200 OK"
2024-11-16 14:32:24,863 - httpx - INFO - HTTP Request: POST https://api.telegram.org/bot7835013090:AAFfvl5iTih4qoXxBRh0wxTYjEQjChBr0Q8/getUpdates "HTTP/1.1 200 OK"
2024-11-16 14:32:34,944 - httpx - INFO - HTTP Request: POST https://api.telegram.org/bot7835013090:AAFfvl5iTih4qoXxBRh0wxTYjEQjChBr0Q8/getUpdates "HTTP/1.1 200 OK"
2024-11-16 14:32:43,377 - httpx - INFO - HTTP Request: POST https://api.telegram.org/bot7835013090:AAFfvl5iTih4qoXxBRh0wxTYjEQjChBr0Q8/getUpdates "HTTP/1.1 200 OK"
2024-11-16 14:32:43,612 - httpx - INFO - HTTP Request: POST https://api.telegram.org/bot7835013090:AAFfvl5iTih4qoXxBRh0wxTYjEQjChBr0Q8/sendMessage "HTTP/1.1 200 OK"
2024-11-16 14:32:43,703 - httpx - INFO - HTTP Request: POST https://api.telegram.org/bot7835013090:AAFfvl5iTih4qoXxBRh0wxTYjEQjChBr0Q8/sendMessage "HTTP/1.1 200 OK"
2024-11-16 14:32:48,916 - httpx - INFO - HTTP Request: POST https://api.telegram.org/bot7835013090:AAFfvl5iTih4qoXxBRh0wxTYjEQjChBr0Q8/getUpdates "HTTP/1.1 200 OK"
2024-11-16 14:32:49,092 - httpx - INFO - HTTP Request: POST https://api.telegram.org/bot7835013090:AAFfvl5iTih4qoXxBRh0wxTYjEQjChBr0Q8/sendMessage "HTTP/1.1 200 OK"
2024-11-16 14:32:49,168 - httpx - INFO - HTTP Request: POST https://api.telegram.org/bot7835013090:AAFfvl5iTih4qoXxBRh0wxTYjEQjChBr0Q8/sendMessage "HTTP/1.1 200 OK"
2024-11-16 14:32:57,301 - httpx - INFO - HTTP Request: POST https://api.telegram.org/bot7835013090:AAFfvl5iTih4qoXxBRh0wxTYjEQjChBr0Q8/getUpdates "HTTP/1.1 200 OK"
2024-11-16 14:32:57,497 - httpx - INFO - HTTP Request: POST https://api.telegram.org/bot7835013090:AAFfvl5iTih4qoXxBRh0wxTYjEQjChBr0Q8/sendMessage "HTTP/1.1 200 OK"
2024-11-16 14:32:57,575 - httpx - INFO - HTTP Request: POST https://api.telegram.org/bot7835013090:AAFfvl5iTih4qoXxBRh0wxTYjEQjChBr0Q8/sendMessage "HTTP/1.1 200 OK"
2024-11-16 14:33:00,271 - httpx - INFO - HTTP Request: POST https://api.telegram.org/bot7835013090:AAFfvl5iTih4qoXxBRh0wxTYjEQjChBr0Q8/getUpdates "HTTP/1.1 200 OK"
2024-11-16 14:33:00,439 - httpx - INFO - HTTP Request: POST https://api.telegram.org/bot7835013090:AAFfvl5iTih4qoXxBRh0wxTYjEQjChBr0Q8/sendMessage "HTTP/1.1 200 OK"
2024-11-16 14:33:00,599 - httpx - INFO - HTTP Request: POST https://api.telegram.org/bot7835013090:AAFfvl5iTih4qoXxBRh0wxTYjEQjChBr0Q8/sendMessage "HTTP/1.1 200 OK"
2024-11-16 14:33:10,450 - httpx - INFO - HTTP Request: POST https://api.telegram.org/bot7835013090:AAFfvl5iTih4qoXxBRh0wxTYjEQjChBr0Q8/getUpdates "HTTP/1.1 200 OK"
2024-11-16 14:33:13,174 - httpx - INFO - HTTP Request: POST https://api.telegram.org/bot7835013090:AAFfvl5iTih4qoXxBRh0wxTYjEQjChBr0Q8/getUpdates "HTTP/1.1 200 OK"
2024-11-16 14:33:19,724 - httpx - INFO - HTTP Request: POST https://api.telegram.org/bot7835013090:AAFfvl5iTih4qoXxBRh0wxTYjEQjChBr0Q8/getUpdates "HTTP/1.1 200 OK"
2024-11-16 14:33:19,724 - telegram.ext.Application - INFO - Application is stopping. This might take a moment.
2024-11-16 14:33:19,724 - telegram.ext.Application - INFO - Application.stop() complete
2024-11-16 14:34:33,445 - httpx - INFO - HTTP Request: POST https://api.telegram.org/bot7835013090:AAFfvl5iTih4qoXxBRh0wxTYjEQjChBr0Q8/getMe "HTTP/1.1 200 OK"
2024-11-16 14:34:33,501 - httpx - INFO - HTTP Request: POST https://api.telegram.org/bot7835013090:AAFfvl5iTih4qoXxBRh0wxTYjEQjChBr0Q8/deleteWebhook "HTTP/1.1 200 OK"
2024-11-16 14:34:33,503 - telegram.ext.Application - INFO - Application started
2024-11-16 14:34:36,071 - httpx - INFO - HTTP Request: POST https://api.telegram.org/bot7835013090:AAFfvl5iTih4qoXxBRh0wxTYjEQjChBr0Q8/getUpdates "HTTP/1.1 200 OK"
2024-11-16 14:34:36,175 - httpx - INFO - HTTP Request: POST https://api.telegram.org/bot7835013090:AAFfvl5iTih4qoXxBRh0wxTYjEQjChBr0Q8/sendMessage "HTTP/1.1 200 OK"
2024-11-16 14:34:36,282 - httpx - INFO - HTTP Request: POST https://api.telegram.org/bot7835013090:AAFfvl5iTih4qoXxBRh0wxTYjEQjChBr0Q8/sendMessage "HTTP/1.1 200 OK"
2024-11-16 14:34:46,167 - httpx - INFO - HTTP Request: POST https://api.telegram.org/bot7835013090:AAFfvl5iTih4qoXxBRh0wxTYjEQjChBr0Q8/getUpdates "HTTP/1.1 200 OK"
2024-11-16 14:34:46,720 - httpx - INFO - HTTP Request: POST https://api.telegram.org/bot7835013090:AAFfvl5iTih4qoXxBRh0wxTYjEQjChBr0Q8/getUpdates "HTTP/1.1 200 OK"
2024-11-16 14:34:46,907 - httpx - INFO - HTTP Request: POST https://api.telegram.org/bot7835013090:AAFfvl5iTih4qoXxBRh0wxTYjEQjChBr0Q8/sendMessage "HTTP/1.1 200 OK"
2024-11-16 14:34:46,980 - httpx - INFO - HTTP Request: POST https://api.telegram.org/bot7835013090:AAFfvl5iTih4qoXxBRh0wxTYjEQjChBr0Q8/sendMessage "HTTP/1.1 200 OK"
2024-11-16 14:34:56,764 - httpx - INFO - HTTP Request: POST https://api.telegram.org/bot7835013090:AAFfvl5iTih4qoXxBRh0wxTYjEQjChBr0Q8/getUpdates "HTTP/1.1 200 OK"
2024-11-16 14:35:06,765 - httpx - INFO - HTTP Request: POST https://api.telegram.org/bot7835013090:AAFfvl5iTih4qoXxBRh0wxTYjEQjChBr0Q8/getUpdates "HTTP/1.1 200 OK"
2024-11-16 14:35:13,173 - httpx - INFO - HTTP Request: POST https://api.telegram.org/bot7835013090:AAFfvl5iTih4qoXxBRh0wxTYjEQjChBr0Q8/getUpdates "HTTP/1.1 200 OK"
2024-11-16 14:35:13,331 - httpx - INFO - HTTP Request: POST https://api.telegram.org/bot7835013090:AAFfvl5iTih4qoXxBRh0wxTYjEQjChBr0Q8/getFile "HTTP/1.1 200 OK"
2024-11-16 14:35:13,431 - httpx - INFO - HTTP Request: GET https://api.telegram.org/file/bot7835013090%3AAAFfvl5iTih4qoXxBRh0wxTYjEQjChBr0Q8/photos/file_0.jpg "HTTP/1.1 200 OK"
2024-11-16 14:35:13,560 - httpx - INFO - HTTP Request: POST https://api.telegram.org/bot7835013090:AAFfvl5iTih4qoXxBRh0wxTYjEQjChBr0Q8/sendMessage "HTTP/1.1 200 OK"
2024-11-16 14:35:13,654 - httpx - INFO - HTTP Request: POST https://api.telegram.org/bot7835013090:AAFfvl5iTih4qoXxBRh0wxTYjEQjChBr0Q8/sendMessage "HTTP/1.1 200 OK"
2024-11-16 14:35:23,282 - httpx - INFO - HTTP Request: POST https://api.telegram.org/bot7835013090:AAFfvl5iTih4qoXxBRh0wxTYjEQjChBr0Q8/getUpdates "HTTP/1.1 200 OK"
2024-11-16 14:35:24,233 - httpx - INFO - HTTP Request: POST https://api.telegram.org/bot7835013090:AAFfvl5iTih4qoXxBRh0wxTYjEQjChBr0Q8/getUpdates "HTTP/1.1 200 OK"
2024-11-16 14:35:24,494 - httpx - INFO - HTTP Request: POST https://api.telegram.org/bot7835013090:AAFfvl5iTih4qoXxBRh0wxTYjEQjChBr0Q8/sendMessage "HTTP/1.1 200 OK"
2024-11-16 14:35:24,568 - httpx - INFO - HTTP Request: POST https://api.telegram.org/bot7835013090:AAFfvl5iTih4qoXxBRh0wxTYjEQjChBr0Q8/sendMessage "HTTP/1.1 200 OK"
2024-11-16 14:35:24,639 - httpx - INFO - HTTP Request: POST https://api.telegram.org/bot7835013090:AAFfvl5iTih4qoXxBRh0wxTYjEQjChBr0Q8/sendMessage "HTTP/1.1 200 OK"
2024-11-16 14:35:34,311 - httpx - INFO - HTTP Request: POST https://api.telegram.org/bot7835013090:AAFfvl5iTih4qoXxBRh0wxTYjEQjChBr0Q8/getUpdates "HTTP/1.1 200 OK"
2024-11-16 14:35:37,703 - httpx - INFO - HTTP Request: POST https://api.telegram.org/bot7835013090:AAFfvl5iTih4qoXxBRh0wxTYjEQjChBr0Q8/getUpdates "HTTP/1.1 200 OK"
2024-11-16 14:35:37,895 - httpx - INFO - HTTP Request: POST https://api.telegram.org/bot7835013090:AAFfvl5iTih4qoXxBRh0wxTYjEQjChBr0Q8/sendMessage "HTTP/1.1 200 OK"
2024-11-16 14:35:37,975 - httpx - INFO - HTTP Request: POST https://api.telegram.org/bot7835013090:AAFfvl5iTih4qoXxBRh0wxTYjEQjChBr0Q8/sendMessage "HTTP/1.1 200 OK"
2024-11-16 14:35:40,276 - httpx - INFO - HTTP Request: POST https://api.telegram.org/bot7835013090:AAFfvl5iTih4qoXxBRh0wxTYjEQjChBr0Q8/getUpdates "HTTP/1.1 200 OK"
2024-11-16 14:35:40,359 - httpx - INFO - HTTP Request: POST https://api.telegram.org/bot7835013090:AAFfvl5iTih4qoXxBRh0wxTYjEQjChBr0Q8/sendMessage "HTTP/1.1 200 OK"
2024-11-16 14:35:40,438 - httpx - INFO - HTTP Request: POST https://api.telegram.org/bot7835013090:AAFfvl5iTih4qoXxBRh0wxTYjEQjChBr0Q8/sendMessage "HTTP/1.1 200 OK"
2024-11-16 14:35:43,186 - httpx - INFO - HTTP Request: POST https://api.telegram.org/bot7835013090:AAFfvl5iTih4qoXxBRh0wxTYjEQjChBr0Q8/getUpdates "HTTP/1.1 200 OK"
2024-11-16 14:35:47,563 - httpx - INFO - HTTP Request: POST https://api.telegram.org/bot7835013090:AAFfvl5iTih4qoXxBRh0wxTYjEQjChBr0Q8/getUpdates "HTTP/1.1 200 OK"
2024-11-16 14:35:47,748 - httpx - INFO - HTTP Request: POST https://api.telegram.org/bot7835013090:AAFfvl5iTih4qoXxBRh0wxTYjEQjChBr0Q8/sendMessage "HTTP/1.1 200 OK"
2024-11-16 14:35:47,854 - httpx - INFO - HTTP Request: POST https://api.telegram.org/bot7835013090:AAFfvl5iTih4qoXxBRh0wxTYjEQjChBr0Q8/sendMessage "HTTP/1.1 200 OK"
2024-11-16 14:35:57,664 - httpx - INFO - HTTP Request: POST https://api.telegram.org/bot7835013090:AAFfvl5iTih4qoXxBRh0wxTYjEQjChBr0Q8/getUpdates "HTTP/1.1 200 OK"
2024-11-16 14:36:02,394 - httpx - INFO - HTTP Request: POST https://api.telegram.org/bot7835013090:AAFfvl5iTih4qoXxBRh0wxTYjEQjChBr0Q8/getUpdates "HTTP/1.1 200 OK"
2024-11-16 14:36:02,395 - telegram.ext.Application - INFO - Application is stopping. This might take a moment.
2024-11-16 14:36:02,395 - telegram.ext.Application - INFO - Application.stop() complete
2024-11-16 14:45:25,945 - httpx - INFO - HTTP Request: POST https://api.telegram.org/bot7835013090:AAFfvl5iTih4qoXxBRh0wxTYjEQjChBr0Q8/getMe "HTTP/1.1 200 OK"
2024-11-16 14:45:26,003 - httpx - INFO - HTTP Request: POST https://api.telegram.org/bot7835013090:AAFfvl5iTih4qoXxBRh0wxTYjEQjChBr0Q8/deleteWebhook "HTTP/1.1 200 OK"
2024-11-16 14:45:26,005 - telegram.ext.Application - INFO - Application started
2024-11-16 14:45:30,038 - httpx - INFO - HTTP Request: POST https://api.telegram.org/bot7835013090:AAFfvl5iTih4qoXxBRh0wxTYjEQjChBr0Q8/getUpdates "HTTP/1.1 200 OK"
2024-11-16 14:45:30,166 - httpx - INFO - HTTP Request: POST https://api.telegram.org/bot7835013090:AAFfvl5iTih4qoXxBRh0wxTYjEQjChBr0Q8/sendMessage "HTTP/1.1 200 OK"
2024-11-16 14:45:30,321 - httpx - INFO - HTTP Request: POST https://api.telegram.org/bot7835013090:AAFfvl5iTih4qoXxBRh0wxTYjEQjChBr0Q8/sendMessage "HTTP/1.1 200 OK"
2024-11-16 14:45:37,821 - httpx - INFO - HTTP Request: POST https://api.telegram.org/bot7835013090:AAFfvl5iTih4qoXxBRh0wxTYjEQjChBr0Q8/getUpdates "HTTP/1.1 200 OK"
2024-11-16 14:45:37,992 - httpx - INFO - HTTP Request: POST https://api.telegram.org/bot7835013090:AAFfvl5iTih4qoXxBRh0wxTYjEQjChBr0Q8/sendMessage "HTTP/1.1 200 OK"
2024-11-16 14:45:38,066 - httpx - INFO - HTTP Request: POST https://api.telegram.org/bot7835013090:AAFfvl5iTih4qoXxBRh0wxTYjEQjChBr0Q8/sendMessage "HTTP/1.1 200 OK"
2024-11-16 14:45:40,976 - httpx - INFO - HTTP Request: POST https://api.telegram.org/bot7835013090:AAFfvl5iTih4qoXxBRh0wxTYjEQjChBr0Q8/getUpdates "HTTP/1.1 200 OK"
2024-11-16 14:45:41,055 - httpx - INFO - HTTP Request: POST https://api.telegram.org/bot7835013090:AAFfvl5iTih4qoXxBRh0wxTYjEQjChBr0Q8/sendMessage "HTTP/1.1 200 OK"
2024-11-16 14:45:41,181 - httpx - INFO - HTTP Request: POST https://api.telegram.org/bot7835013090:AAFfvl5iTih4qoXxBRh0wxTYjEQjChBr0Q8/sendMessage "HTTP/1.1 200 OK"
2024-11-16 14:45:44,980 - httpx - INFO - HTTP Request: POST https://api.telegram.org/bot7835013090:AAFfvl5iTih4qoXxBRh0wxTYjEQjChBr0Q8/getUpdates "HTTP/1.1 200 OK"
2024-11-16 14:45:45,052 - httpx - INFO - HTTP Request: POST https://api.telegram.org/bot7835013090:AAFfvl5iTih4qoXxBRh0wxTYjEQjChBr0Q8/sendMessage "HTTP/1.1 200 OK"
2024-11-16 14:45:54,985 - httpx - INFO - HTTP Request: POST https://api.telegram.org/bot7835013090:AAFfvl5iTih4qoXxBRh0wxTYjEQjChBr0Q8/getUpdates "HTTP/1.1 200 OK"
2024-11-16 14:45:55,292 - httpx - INFO - HTTP Request: POST https://api.telegram.org/bot7835013090:AAFfvl5iTih4qoXxBRh0wxTYjEQjChBr0Q8/getUpdates "HTTP/1.1 200 OK"
2024-11-16 14:45:55,513 - httpx - INFO - HTTP Request: POST https://api.telegram.org/bot7835013090:AAFfvl5iTih4qoXxBRh0wxTYjEQjChBr0Q8/sendMessage "HTTP/1.1 200 OK"
2024-11-16 14:46:05,408 - httpx - INFO - HTTP Request: POST https://api.telegram.org/bot7835013090:AAFfvl5iTih4qoXxBRh0wxTYjEQjChBr0Q8/getUpdates "HTTP/1.1 200 OK"
2024-11-16 14:46:05,614 - httpx - INFO - HTTP Request: POST https://api.telegram.org/bot7835013090:AAFfvl5iTih4qoXxBRh0wxTYjEQjChBr0Q8/getUpdates "HTTP/1.1 200 OK"
2024-11-16 14:46:05,799 - httpx - INFO - HTTP Request: POST https://api.telegram.org/bot7835013090:AAFfvl5iTih4qoXxBRh0wxTYjEQjChBr0Q8/sendMessage "HTTP/1.1 200 OK"
2024-11-16 14:46:05,938 - httpx - INFO - HTTP Request: POST https://api.telegram.org/bot7835013090:AAFfvl5iTih4qoXxBRh0wxTYjEQjChBr0Q8/sendMessage "HTTP/1.1 200 OK"
2024-11-16 14:46:06,019 - httpx - INFO - HTTP Request: POST https://api.telegram.org/bot7835013090:AAFfvl5iTih4qoXxBRh0wxTYjEQjChBr0Q8/sendMessage "HTTP/1.1 200 OK"
2024-11-16 14:46:06,108 - httpx - INFO - HTTP Request: POST https://api.telegram.org/bot7835013090:AAFfvl5iTih4qoXxBRh0wxTYjEQjChBr0Q8/sendMessage "HTTP/1.1 200 OK"
2024-11-16 14:46:15,654 - httpx - INFO - HTTP Request: POST https://api.telegram.org/bot7835013090:AAFfvl5iTih4qoXxBRh0wxTYjEQjChBr0Q8/getUpdates "HTTP/1.1 200 OK"
2024-11-16 14:46:23,019 - httpx - INFO - HTTP Request: POST https://api.telegram.org/bot7835013090:AAFfvl5iTih4qoXxBRh0wxTYjEQjChBr0Q8/getUpdates "HTTP/1.1 200 OK"
2024-11-16 14:46:23,019 - telegram.ext.Application - INFO - Application is stopping. This might take a moment.
2024-11-16 14:46:23,019 - telegram.ext.Application - INFO - Application.stop() complete
2024-11-16 14:51:05,612 - httpx - INFO - HTTP Request: POST https://api.telegram.org/bot7835013090:AAFfvl5iTih4qoXxBRh0wxTYjEQjChBr0Q8/getMe "HTTP/1.1 200 OK"
2024-11-16 14:51:05,661 - httpx - INFO - HTTP Request: POST https://api.telegram.org/bot7835013090:AAFfvl5iTih4qoXxBRh0wxTYjEQjChBr0Q8/deleteWebhook "HTTP/1.1 200 OK"
2024-11-16 14:51:05,662 - telegram.ext.Application - INFO - Application started
2024-11-16 14:51:09,778 - httpx - INFO - HTTP Request: POST https://api.telegram.org/bot7835013090:AAFfvl5iTih4qoXxBRh0wxTYjEQjChBr0Q8/getUpdates "HTTP/1.1 200 OK"
2024-11-16 14:51:09,853 - httpx - INFO - HTTP Request: POST https://api.telegram.org/bot7835013090:AAFfvl5iTih4qoXxBRh0wxTYjEQjChBr0Q8/sendMessage "HTTP/1.1 200 OK"
2024-11-16 14:51:09,941 - httpx - INFO - HTTP Request: POST https://api.telegram.org/bot7835013090:AAFfvl5iTih4qoXxBRh0wxTYjEQjChBr0Q8/sendMessage "HTTP/1.1 200 OK"
2024-11-16 14:51:19,783 - httpx - INFO - HTTP Request: POST https://api.telegram.org/bot7835013090:AAFfvl5iTih4qoXxBRh0wxTYjEQjChBr0Q8/getUpdates "HTTP/1.1 200 OK"
2024-11-16 14:51:21,027 - httpx - INFO - HTTP Request: POST https://api.telegram.org/bot7835013090:AAFfvl5iTih4qoXxBRh0wxTYjEQjChBr0Q8/getUpdates "HTTP/1.1 200 OK"
2024-11-16 14:51:21,342 - httpx - INFO - HTTP Request: POST https://api.telegram.org/bot7835013090:AAFfvl5iTih4qoXxBRh0wxTYjEQjChBr0Q8/sendMessage "HTTP/1.1 200 OK"
2024-11-16 14:51:21,451 - httpx - INFO - HTTP Request: POST https://api.telegram.org/bot7835013090:AAFfvl5iTih4qoXxBRh0wxTYjEQjChBr0Q8/sendMessage "HTTP/1.1 200 OK"
2024-11-16 14:51:31,147 - httpx - INFO - HTTP Request: POST https://api.telegram.org/bot7835013090:AAFfvl5iTih4qoXxBRh0wxTYjEQjChBr0Q8/getUpdates "HTTP/1.1 200 OK"
2024-11-16 14:51:38,526 - httpx - INFO - HTTP Request: POST https://api.telegram.org/bot7835013090:AAFfvl5iTih4qoXxBRh0wxTYjEQjChBr0Q8/getUpdates "HTTP/1.1 200 OK"
2024-11-16 14:51:38,682 - httpx - INFO - HTTP Request: POST https://api.telegram.org/bot7835013090:AAFfvl5iTih4qoXxBRh0wxTYjEQjChBr0Q8/getFile "HTTP/1.1 200 OK"
2024-11-16 14:51:38,783 - httpx - INFO - HTTP Request: GET https://api.telegram.org/file/bot7835013090%3AAAFfvl5iTih4qoXxBRh0wxTYjEQjChBr0Q8/photos/file_0.jpg "HTTP/1.1 200 OK"
2024-11-16 14:51:38,970 - httpx - INFO - HTTP Request: POST https://api.telegram.org/bot7835013090:AAFfvl5iTih4qoXxBRh0wxTYjEQjChBr0Q8/sendMessage "HTTP/1.1 200 OK"
2024-11-16 14:51:39,106 - httpx - INFO - HTTP Request: POST https://api.telegram.org/bot7835013090:AAFfvl5iTih4qoXxBRh0wxTYjEQjChBr0Q8/sendMessage "HTTP/1.1 200 OK"
2024-11-16 14:51:47,772 - httpx - INFO - HTTP Request: POST https://api.telegram.org/bot7835013090:AAFfvl5iTih4qoXxBRh0wxTYjEQjChBr0Q8/getUpdates "HTTP/1.1 200 OK"
2024-11-16 14:51:47,948 - httpx - INFO - HTTP Request: POST https://api.telegram.org/bot7835013090:AAFfvl5iTih4qoXxBRh0wxTYjEQjChBr0Q8/sendMessage "HTTP/1.1 200 OK"
2024-11-16 14:51:57,900 - httpx - INFO - HTTP Request: POST https://api.telegram.org/bot7835013090:AAFfvl5iTih4qoXxBRh0wxTYjEQjChBr0Q8/getUpdates "HTTP/1.1 200 OK"
2024-11-16 14:52:07,981 - httpx - INFO - HTTP Request: POST https://api.telegram.org/bot7835013090:AAFfvl5iTih4qoXxBRh0wxTYjEQjChBr0Q8/getUpdates "HTTP/1.1 200 OK"
2024-11-16 14:52:12,666 - httpx - INFO - HTTP Request: POST https://api.telegram.org/bot7835013090:AAFfvl5iTih4qoXxBRh0wxTYjEQjChBr0Q8/getUpdates "HTTP/1.1 200 OK"
2024-11-16 14:52:12,864 - httpx - INFO - HTTP Request: POST https://api.telegram.org/bot7835013090:AAFfvl5iTih4qoXxBRh0wxTYjEQjChBr0Q8/sendMessage "HTTP/1.1 200 OK"
2024-11-16 14:52:22,682 - httpx - INFO - HTTP Request: POST https://api.telegram.org/bot7835013090:AAFfvl5iTih4qoXxBRh0wxTYjEQjChBr0Q8/getUpdates "HTTP/1.1 200 OK"
2024-11-16 14:52:29,645 - httpx - INFO - HTTP Request: POST https://api.telegram.org/bot7835013090:AAFfvl5iTih4qoXxBRh0wxTYjEQjChBr0Q8/getUpdates "HTTP/1.1 200 OK"
2024-11-16 14:52:29,851 - httpx - INFO - HTTP Request: POST https://api.telegram.org/bot7835013090:AAFfvl5iTih4qoXxBRh0wxTYjEQjChBr0Q8/sendMessage "HTTP/1.1 200 OK"
2024-11-16 14:52:39,737 - httpx - INFO - HTTP Request: POST https://api.telegram.org/bot7835013090:AAFfvl5iTih4qoXxBRh0wxTYjEQjChBr0Q8/getUpdates "HTTP/1.1 200 OK"
2024-11-16 14:52:49,805 - httpx - INFO - HTTP Request: POST https://api.telegram.org/bot7835013090:AAFfvl5iTih4qoXxBRh0wxTYjEQjChBr0Q8/getUpdates "HTTP/1.1 200 OK"
2024-11-16 14:52:59,897 - httpx - INFO - HTTP Request: POST https://api.telegram.org/bot7835013090:AAFfvl5iTih4qoXxBRh0wxTYjEQjChBr0Q8/getUpdates "HTTP/1.1 200 OK"
2024-11-16 14:53:10,004 - httpx - INFO - HTTP Request: POST https://api.telegram.org/bot7835013090:AAFfvl5iTih4qoXxBRh0wxTYjEQjChBr0Q8/getUpdates "HTTP/1.1 200 OK"
2024-11-16 14:53:20,026 - httpx - INFO - HTTP Request: POST https://api.telegram.org/bot7835013090:AAFfvl5iTih4qoXxBRh0wxTYjEQjChBr0Q8/getUpdates "HTTP/1.1 200 OK"
2024-11-16 14:53:30,083 - httpx - INFO - HTTP Request: POST https://api.telegram.org/bot7835013090:AAFfvl5iTih4qoXxBRh0wxTYjEQjChBr0Q8/getUpdates "HTTP/1.1 200 OK"
2024-11-16 14:53:30,933 - httpx - INFO - HTTP Request: POST https://api.telegram.org/bot7835013090:AAFfvl5iTih4qoXxBRh0wxTYjEQjChBr0Q8/getUpdates "HTTP/1.1 200 OK"
2024-11-16 14:53:31,110 - httpx - INFO - HTTP Request: POST https://api.telegram.org/bot7835013090:AAFfvl5iTih4qoXxBRh0wxTYjEQjChBr0Q8/sendMessage "HTTP/1.1 200 OK"
2024-11-16 14:53:31,207 - httpx - INFO - HTTP Request: POST https://api.telegram.org/bot7835013090:AAFfvl5iTih4qoXxBRh0wxTYjEQjChBr0Q8/sendMessage "HTTP/1.1 200 OK"
2024-11-16 14:53:31,279 - httpx - INFO - HTTP Request: POST https://api.telegram.org/bot7835013090:AAFfvl5iTih4qoXxBRh0wxTYjEQjChBr0Q8/sendMessage "HTTP/1.1 200 OK"
2024-11-16 14:53:31,364 - httpx - INFO - HTTP Request: POST https://api.telegram.org/bot7835013090:AAFfvl5iTih4qoXxBRh0wxTYjEQjChBr0Q8/sendMessage "HTTP/1.1 200 OK"
2024-11-16 14:53:37,026 - httpx - INFO - HTTP Request: POST https://api.telegram.org/bot7835013090:AAFfvl5iTih4qoXxBRh0wxTYjEQjChBr0Q8/getUpdates "HTTP/1.1 200 OK"
2024-11-16 14:53:37,027 - telegram.ext.Application - INFO - Application is stopping. This might take a moment.
2024-11-16 14:53:37,053 - telegram.ext.Application - INFO - Application.stop() complete
2024-11-16 14:54:11,427 - httpx - INFO - HTTP Request: POST https://api.telegram.org/bot7835013090:AAFfvl5iTih4qoXxBRh0wxTYjEQjChBr0Q8/getMe "HTTP/1.1 200 OK"
2024-11-16 14:54:11,481 - httpx - INFO - HTTP Request: POST https://api.telegram.org/bot7835013090:AAFfvl5iTih4qoXxBRh0wxTYjEQjChBr0Q8/deleteWebhook "HTTP/1.1 200 OK"
2024-11-16 14:54:11,483 - telegram.ext.Application - INFO - Application started
2024-11-16 14:54:17,768 - httpx - INFO - HTTP Request: POST https://api.telegram.org/bot7835013090:AAFfvl5iTih4qoXxBRh0wxTYjEQjChBr0Q8/getUpdates "HTTP/1.1 200 OK"
2024-11-16 14:54:17,965 - httpx - INFO - HTTP Request: POST https://api.telegram.org/bot7835013090:AAFfvl5iTih4qoXxBRh0wxTYjEQjChBr0Q8/sendMessage "HTTP/1.1 200 OK"
2024-11-16 14:54:18,073 - httpx - INFO - HTTP Request: POST https://api.telegram.org/bot7835013090:AAFfvl5iTih4qoXxBRh0wxTYjEQjChBr0Q8/sendMessage "HTTP/1.1 200 OK"
2024-11-16 14:54:27,770 - httpx - INFO - HTTP Request: POST https://api.telegram.org/bot7835013090:AAFfvl5iTih4qoXxBRh0wxTYjEQjChBr0Q8/getUpdates "HTTP/1.1 200 OK"
2024-11-16 14:54:34,025 - httpx - INFO - HTTP Request: POST https://api.telegram.org/bot7835013090:AAFfvl5iTih4qoXxBRh0wxTYjEQjChBr0Q8/getUpdates "HTTP/1.1 200 OK"
2024-11-16 14:54:34,219 - httpx - INFO - HTTP Request: POST https://api.telegram.org/bot7835013090:AAFfvl5iTih4qoXxBRh0wxTYjEQjChBr0Q8/sendMessage "HTTP/1.1 200 OK"
2024-11-16 14:54:34,324 - httpx - INFO - HTTP Request: POST https://api.telegram.org/bot7835013090:AAFfvl5iTih4qoXxBRh0wxTYjEQjChBr0Q8/sendMessage "HTTP/1.1 200 OK"
2024-11-16 14:54:44,166 - httpx - INFO - HTTP Request: POST https://api.telegram.org/bot7835013090:AAFfvl5iTih4qoXxBRh0wxTYjEQjChBr0Q8/getUpdates "HTTP/1.1 200 OK"
2024-11-16 14:54:47,362 - httpx - INFO - HTTP Request: POST https://api.telegram.org/bot7835013090:AAFfvl5iTih4qoXxBRh0wxTYjEQjChBr0Q8/getUpdates "HTTP/1.1 200 OK"
2024-11-16 14:54:47,551 - httpx - INFO - HTTP Request: POST https://api.telegram.org/bot7835013090:AAFfvl5iTih4qoXxBRh0wxTYjEQjChBr0Q8/sendMessage "HTTP/1.1 200 OK"
2024-11-16 14:54:47,646 - httpx - INFO - HTTP Request: POST https://api.telegram.org/bot7835013090:AAFfvl5iTih4qoXxBRh0wxTYjEQjChBr0Q8/sendMessage "HTTP/1.1 200 OK"
2024-11-16 14:54:50,758 - httpx - INFO - HTTP Request: POST https://api.telegram.org/bot7835013090:AAFfvl5iTih4qoXxBRh0wxTYjEQjChBr0Q8/getUpdates "HTTP/1.1 200 OK"
2024-11-16 14:54:50,860 - httpx - INFO - HTTP Request: POST https://api.telegram.org/bot7835013090:AAFfvl5iTih4qoXxBRh0wxTYjEQjChBr0Q8/sendMessage "HTTP/1.1 200 OK"
2024-11-16 14:54:50,973 - httpx - INFO - HTTP Request: POST https://api.telegram.org/bot7835013090:AAFfvl5iTih4qoXxBRh0wxTYjEQjChBr0Q8/sendMessage "HTTP/1.1 200 OK"
2024-11-16 14:54:58,637 - httpx - INFO - HTTP Request: POST https://api.telegram.org/bot7835013090:AAFfvl5iTih4qoXxBRh0wxTYjEQjChBr0Q8/getUpdates "HTTP/1.1 200 OK"
2024-11-16 14:54:58,893 - httpx - INFO - HTTP Request: POST https://api.telegram.org/bot7835013090:AAFfvl5iTih4qoXxBRh0wxTYjEQjChBr0Q8/sendMessage "HTTP/1.1 200 OK"
2024-11-16 14:55:08,710 - httpx - INFO - HTTP Request: POST https://api.telegram.org/bot7835013090:AAFfvl5iTih4qoXxBRh0wxTYjEQjChBr0Q8/getUpdates "HTTP/1.1 200 OK"
2024-11-16 14:55:18,824 - httpx - INFO - HTTP Request: POST https://api.telegram.org/bot7835013090:AAFfvl5iTih4qoXxBRh0wxTYjEQjChBr0Q8/getUpdates "HTTP/1.1 200 OK"
2024-11-16 14:55:28,839 - httpx - INFO - HTTP Request: POST https://api.telegram.org/bot7835013090:AAFfvl5iTih4qoXxBRh0wxTYjEQjChBr0Q8/getUpdates "HTTP/1.1 200 OK"
2024-11-16 14:55:38,862 - httpx - INFO - HTTP Request: POST https://api.telegram.org/bot7835013090:AAFfvl5iTih4qoXxBRh0wxTYjEQjChBr0Q8/getUpdates "HTTP/1.1 200 OK"
2024-11-16 14:55:49,006 - httpx - INFO - HTTP Request: POST https://api.telegram.org/bot7835013090:AAFfvl5iTih4qoXxBRh0wxTYjEQjChBr0Q8/getUpdates "HTTP/1.1 200 OK"
2024-11-16 14:55:53,202 - httpx - INFO - HTTP Request: POST https://api.telegram.org/bot7835013090:AAFfvl5iTih4qoXxBRh0wxTYjEQjChBr0Q8/getUpdates "HTTP/1.1 200 OK"
2024-11-16 14:55:53,202 - telegram.ext.Application - INFO - Application is stopping. This might take a moment.
2024-11-16 14:55:53,202 - telegram.ext.Application - INFO - Application.stop() complete
2024-11-16 14:55:53,601 - httpx - INFO - HTTP Request: POST https://api.telegram.org/bot7835013090:AAFfvl5iTih4qoXxBRh0wxTYjEQjChBr0Q8/getMe "HTTP/1.1 200 OK"
2024-11-16 14:55:53,649 - httpx - INFO - HTTP Request: POST https://api.telegram.org/bot7835013090:AAFfvl5iTih4qoXxBRh0wxTYjEQjChBr0Q8/deleteWebhook "HTTP/1.1 200 OK"
2024-11-16 14:55:53,649 - telegram.ext.Application - INFO - Application started
2024-11-16 14:55:58,491 - httpx - INFO - HTTP Request: POST https://api.telegram.org/bot7835013090:AAFfvl5iTih4qoXxBRh0wxTYjEQjChBr0Q8/getUpdates "HTTP/1.1 200 OK"
2024-11-16 14:55:58,557 - httpx - INFO - HTTP Request: POST https://api.telegram.org/bot7835013090:AAFfvl5iTih4qoXxBRh0wxTYjEQjChBr0Q8/sendMessage "HTTP/1.1 200 OK"
2024-11-16 14:55:58,625 - httpx - INFO - HTTP Request: POST https://api.telegram.org/bot7835013090:AAFfvl5iTih4qoXxBRh0wxTYjEQjChBr0Q8/sendMessage "HTTP/1.1 200 OK"
2024-11-16 14:55:59,568 - httpx - INFO - HTTP Request: POST https://api.telegram.org/bot7835013090:AAFfvl5iTih4qoXxBRh0wxTYjEQjChBr0Q8/getUpdates "HTTP/1.1 200 OK"
2024-11-16 14:55:59,636 - httpx - INFO - HTTP Request: POST https://api.telegram.org/bot7835013090:AAFfvl5iTih4qoXxBRh0wxTYjEQjChBr0Q8/sendMessage "HTTP/1.1 200 OK"
2024-11-16 14:55:59,703 - httpx - INFO - HTTP Request: POST https://api.telegram.org/bot7835013090:AAFfvl5iTih4qoXxBRh0wxTYjEQjChBr0Q8/sendMessage "HTTP/1.1 200 OK"
2024-11-16 14:56:02,742 - httpx - INFO - HTTP Request: POST https://api.telegram.org/bot7835013090:AAFfvl5iTih4qoXxBRh0wxTYjEQjChBr0Q8/getUpdates "HTTP/1.1 200 OK"
2024-11-16 14:56:02,809 - httpx - INFO - HTTP Request: POST https://api.telegram.org/bot7835013090:AAFfvl5iTih4qoXxBRh0wxTYjEQjChBr0Q8/sendMessage "HTTP/1.1 200 OK"
2024-11-16 14:56:02,882 - httpx - INFO - HTTP Request: POST https://api.telegram.org/bot7835013090:AAFfvl5iTih4qoXxBRh0wxTYjEQjChBr0Q8/sendMessage "HTTP/1.1 200 OK"
2024-11-16 14:56:04,547 - httpx - INFO - HTTP Request: POST https://api.telegram.org/bot7835013090:AAFfvl5iTih4qoXxBRh0wxTYjEQjChBr0Q8/getUpdates "HTTP/1.1 200 OK"
2024-11-16 14:56:04,613 - httpx - INFO - HTTP Request: POST https://api.telegram.org/bot7835013090:AAFfvl5iTih4qoXxBRh0wxTYjEQjChBr0Q8/sendMessage "HTTP/1.1 200 OK"
2024-11-16 14:56:04,686 - httpx - INFO - HTTP Request: POST https://api.telegram.org/bot7835013090:AAFfvl5iTih4qoXxBRh0wxTYjEQjChBr0Q8/sendMessage "HTTP/1.1 200 OK"
2024-11-16 14:56:13,346 - httpx - INFO - HTTP Request: POST https://api.telegram.org/bot7835013090:AAFfvl5iTih4qoXxBRh0wxTYjEQjChBr0Q8/getUpdates "HTTP/1.1 200 OK"
2024-11-16 14:56:13,347 - telegram.ext.Application - ERROR - No error handlers are registered, logging exception.
Traceback (most recent call last):
  File "/home/jexbest/dairy/dairy/venv/lib/python3.12/site-packages/telegram/ext/_application.py", line 1335, in process_update
    await coroutine
  File "/home/jexbest/dairy/dairy/venv/lib/python3.12/site-packages/telegram/ext/_handlers/conversationhandler.py", line 857, in handle_update
    new_state: object = await handler.handle_update(
                        ^^^^^^^^^^^^^^^^^^^^^^^^^^^^
  File "/home/jexbest/dairy/dairy/venv/lib/python3.12/site-packages/telegram/ext/_handlers/basehandler.py", line 158, in handle_update
    return await self.callback(update, context)
           ^^^^^^^^^^^^^^^^^^^^^^^^^^^^^^^^^^^^
  File "/home/jexbest/dairy/dairy/bot.py", line 85, in add_reminder
    if reminder_date < datetime.now(-1):
                       ^^^^^^^^^^^^^^^^
TypeError: tzinfo argument must be None or of a tzinfo subclass, not type 'int'
2024-11-16 14:56:23,442 - httpx - INFO - HTTP Request: POST https://api.telegram.org/bot7835013090:AAFfvl5iTih4qoXxBRh0wxTYjEQjChBr0Q8/getUpdates "HTTP/1.1 200 OK"
2024-11-16 14:56:33,456 - httpx - INFO - HTTP Request: POST https://api.telegram.org/bot7835013090:AAFfvl5iTih4qoXxBRh0wxTYjEQjChBr0Q8/getUpdates "HTTP/1.1 200 OK"
2024-11-16 14:56:43,491 - httpx - INFO - HTTP Request: POST https://api.telegram.org/bot7835013090:AAFfvl5iTih4qoXxBRh0wxTYjEQjChBr0Q8/getUpdates "HTTP/1.1 200 OK"
2024-11-16 14:56:53,618 - httpx - INFO - HTTP Request: POST https://api.telegram.org/bot7835013090:AAFfvl5iTih4qoXxBRh0wxTYjEQjChBr0Q8/getUpdates "HTTP/1.1 200 OK"
2024-11-16 14:57:03,657 - httpx - INFO - HTTP Request: POST https://api.telegram.org/bot7835013090:AAFfvl5iTih4qoXxBRh0wxTYjEQjChBr0Q8/getUpdates "HTTP/1.1 200 OK"
2024-11-16 14:57:13,653 - httpx - INFO - HTTP Request: POST https://api.telegram.org/bot7835013090:AAFfvl5iTih4qoXxBRh0wxTYjEQjChBr0Q8/getUpdates "HTTP/1.1 200 OK"
2024-11-16 14:57:23,805 - httpx - INFO - HTTP Request: POST https://api.telegram.org/bot7835013090:AAFfvl5iTih4qoXxBRh0wxTYjEQjChBr0Q8/getUpdates "HTTP/1.1 200 OK"
2024-11-16 14:57:33,840 - httpx - INFO - HTTP Request: POST https://api.telegram.org/bot7835013090:AAFfvl5iTih4qoXxBRh0wxTYjEQjChBr0Q8/getUpdates "HTTP/1.1 200 OK"
2024-11-16 14:57:43,838 - httpx - INFO - HTTP Request: POST https://api.telegram.org/bot7835013090:AAFfvl5iTih4qoXxBRh0wxTYjEQjChBr0Q8/getUpdates "HTTP/1.1 200 OK"
2024-11-16 14:57:53,965 - httpx - INFO - HTTP Request: POST https://api.telegram.org/bot7835013090:AAFfvl5iTih4qoXxBRh0wxTYjEQjChBr0Q8/getUpdates "HTTP/1.1 200 OK"
2024-11-16 14:58:04,020 - httpx - INFO - HTTP Request: POST https://api.telegram.org/bot7835013090:AAFfvl5iTih4qoXxBRh0wxTYjEQjChBr0Q8/getUpdates "HTTP/1.1 200 OK"
2024-11-16 14:58:14,018 - httpx - INFO - HTTP Request: POST https://api.telegram.org/bot7835013090:AAFfvl5iTih4qoXxBRh0wxTYjEQjChBr0Q8/getUpdates "HTTP/1.1 200 OK"
2024-11-16 14:58:24,122 - httpx - INFO - HTTP Request: POST https://api.telegram.org/bot7835013090:AAFfvl5iTih4qoXxBRh0wxTYjEQjChBr0Q8/getUpdates "HTTP/1.1 200 OK"
2024-11-16 14:58:34,200 - httpx - INFO - HTTP Request: POST https://api.telegram.org/bot7835013090:AAFfvl5iTih4qoXxBRh0wxTYjEQjChBr0Q8/getUpdates "HTTP/1.1 200 OK"
2024-11-16 14:58:43,474 - httpx - INFO - HTTP Request: POST https://api.telegram.org/bot7835013090:AAFfvl5iTih4qoXxBRh0wxTYjEQjChBr0Q8/getUpdates "HTTP/1.1 200 OK"
2024-11-16 14:58:43,474 - telegram.ext.Application - INFO - Application is stopping. This might take a moment.
2024-11-16 14:58:43,474 - telegram.ext.Application - INFO - Application.stop() complete
2024-11-16 14:58:43,904 - httpx - INFO - HTTP Request: POST https://api.telegram.org/bot7835013090:AAFfvl5iTih4qoXxBRh0wxTYjEQjChBr0Q8/getMe "HTTP/1.1 200 OK"
2024-11-16 14:58:43,955 - httpx - INFO - HTTP Request: POST https://api.telegram.org/bot7835013090:AAFfvl5iTih4qoXxBRh0wxTYjEQjChBr0Q8/deleteWebhook "HTTP/1.1 200 OK"
2024-11-16 14:58:43,956 - telegram.ext.Application - INFO - Application started
2024-11-16 14:58:50,428 - httpx - INFO - HTTP Request: POST https://api.telegram.org/bot7835013090:AAFfvl5iTih4qoXxBRh0wxTYjEQjChBr0Q8/getUpdates "HTTP/1.1 200 OK"
2024-11-16 14:58:51,660 - httpx - INFO - HTTP Request: POST https://api.telegram.org/bot7835013090:AAFfvl5iTih4qoXxBRh0wxTYjEQjChBr0Q8/getUpdates "HTTP/1.1 200 OK"
2024-11-16 14:58:52,319 - httpx - INFO - HTTP Request: POST https://api.telegram.org/bot7835013090:AAFfvl5iTih4qoXxBRh0wxTYjEQjChBr0Q8/getUpdates "HTTP/1.1 200 OK"
2024-11-16 14:58:52,562 - httpx - INFO - HTTP Request: POST https://api.telegram.org/bot7835013090:AAFfvl5iTih4qoXxBRh0wxTYjEQjChBr0Q8/getUpdates "HTTP/1.1 200 OK"
2024-11-16 14:58:52,824 - httpx - INFO - HTTP Request: POST https://api.telegram.org/bot7835013090:AAFfvl5iTih4qoXxBRh0wxTYjEQjChBr0Q8/getUpdates "HTTP/1.1 200 OK"
2024-11-16 14:58:53,086 - httpx - INFO - HTTP Request: POST https://api.telegram.org/bot7835013090:AAFfvl5iTih4qoXxBRh0wxTYjEQjChBr0Q8/getUpdates "HTTP/1.1 200 OK"
2024-11-16 14:58:53,373 - httpx - INFO - HTTP Request: POST https://api.telegram.org/bot7835013090:AAFfvl5iTih4qoXxBRh0wxTYjEQjChBr0Q8/getUpdates "HTTP/1.1 200 OK"
2024-11-16 14:58:53,583 - httpx - INFO - HTTP Request: POST https://api.telegram.org/bot7835013090:AAFfvl5iTih4qoXxBRh0wxTYjEQjChBr0Q8/getUpdates "HTTP/1.1 200 OK"
2024-11-16 14:58:53,884 - httpx - INFO - HTTP Request: POST https://api.telegram.org/bot7835013090:AAFfvl5iTih4qoXxBRh0wxTYjEQjChBr0Q8/getUpdates "HTTP/1.1 200 OK"
2024-11-16 14:58:54,106 - httpx - INFO - HTTP Request: POST https://api.telegram.org/bot7835013090:AAFfvl5iTih4qoXxBRh0wxTYjEQjChBr0Q8/getUpdates "HTTP/1.1 200 OK"
2024-11-16 14:58:54,376 - httpx - INFO - HTTP Request: POST https://api.telegram.org/bot7835013090:AAFfvl5iTih4qoXxBRh0wxTYjEQjChBr0Q8/getUpdates "HTTP/1.1 200 OK"
2024-11-16 14:58:54,604 - httpx - INFO - HTTP Request: POST https://api.telegram.org/bot7835013090:AAFfvl5iTih4qoXxBRh0wxTYjEQjChBr0Q8/getUpdates "HTTP/1.1 200 OK"
2024-11-16 14:58:54,948 - httpx - INFO - HTTP Request: POST https://api.telegram.org/bot7835013090:AAFfvl5iTih4qoXxBRh0wxTYjEQjChBr0Q8/getUpdates "HTTP/1.1 200 OK"
2024-11-16 14:58:55,245 - httpx - INFO - HTTP Request: POST https://api.telegram.org/bot7835013090:AAFfvl5iTih4qoXxBRh0wxTYjEQjChBr0Q8/getUpdates "HTTP/1.1 200 OK"
2024-11-16 14:58:55,684 - httpx - INFO - HTTP Request: POST https://api.telegram.org/bot7835013090:AAFfvl5iTih4qoXxBRh0wxTYjEQjChBr0Q8/getUpdates "HTTP/1.1 200 OK"
2024-11-16 14:58:56,237 - httpx - INFO - HTTP Request: POST https://api.telegram.org/bot7835013090:AAFfvl5iTih4qoXxBRh0wxTYjEQjChBr0Q8/getUpdates "HTTP/1.1 200 OK"
2024-11-16 14:58:56,526 - httpx - INFO - HTTP Request: POST https://api.telegram.org/bot7835013090:AAFfvl5iTih4qoXxBRh0wxTYjEQjChBr0Q8/getUpdates "HTTP/1.1 200 OK"
2024-11-16 14:58:56,707 - httpx - INFO - HTTP Request: POST https://api.telegram.org/bot7835013090:AAFfvl5iTih4qoXxBRh0wxTYjEQjChBr0Q8/getUpdates "HTTP/1.1 200 OK"
2024-11-16 14:58:58,766 - httpx - INFO - HTTP Request: POST https://api.telegram.org/bot7835013090:AAFfvl5iTih4qoXxBRh0wxTYjEQjChBr0Q8/getUpdates "HTTP/1.1 200 OK"
2024-11-16 14:58:59,015 - httpx - INFO - HTTP Request: POST https://api.telegram.org/bot7835013090:AAFfvl5iTih4qoXxBRh0wxTYjEQjChBr0Q8/sendMessage "HTTP/1.1 200 OK"
2024-11-16 14:58:59,127 - httpx - INFO - HTTP Request: POST https://api.telegram.org/bot7835013090:AAFfvl5iTih4qoXxBRh0wxTYjEQjChBr0Q8/sendMessage "HTTP/1.1 200 OK"
2024-11-16 14:59:00,533 - httpx - INFO - HTTP Request: POST https://api.telegram.org/bot7835013090:AAFfvl5iTih4qoXxBRh0wxTYjEQjChBr0Q8/getUpdates "HTTP/1.1 200 OK"
2024-11-16 14:59:00,601 - httpx - INFO - HTTP Request: POST https://api.telegram.org/bot7835013090:AAFfvl5iTih4qoXxBRh0wxTYjEQjChBr0Q8/sendMessage "HTTP/1.1 200 OK"
2024-11-16 14:59:00,666 - httpx - INFO - HTTP Request: POST https://api.telegram.org/bot7835013090:AAFfvl5iTih4qoXxBRh0wxTYjEQjChBr0Q8/sendMessage "HTTP/1.1 200 OK"
2024-11-16 14:59:04,865 - httpx - INFO - HTTP Request: POST https://api.telegram.org/bot7835013090:AAFfvl5iTih4qoXxBRh0wxTYjEQjChBr0Q8/getUpdates "HTTP/1.1 200 OK"
2024-11-16 14:59:04,928 - httpx - INFO - HTTP Request: POST https://api.telegram.org/bot7835013090:AAFfvl5iTih4qoXxBRh0wxTYjEQjChBr0Q8/sendMessage "HTTP/1.1 200 OK"
2024-11-16 14:59:05,005 - httpx - INFO - HTTP Request: POST https://api.telegram.org/bot7835013090:AAFfvl5iTih4qoXxBRh0wxTYjEQjChBr0Q8/sendMessage "HTTP/1.1 200 OK"
2024-11-16 14:59:09,763 - httpx - INFO - HTTP Request: POST https://api.telegram.org/bot7835013090:AAFfvl5iTih4qoXxBRh0wxTYjEQjChBr0Q8/getUpdates "HTTP/1.1 200 OK"
2024-11-16 14:59:09,828 - httpx - INFO - HTTP Request: POST https://api.telegram.org/bot7835013090:AAFfvl5iTih4qoXxBRh0wxTYjEQjChBr0Q8/sendMessage "HTTP/1.1 200 OK"
2024-11-16 14:59:09,935 - httpx - INFO - HTTP Request: POST https://api.telegram.org/bot7835013090:AAFfvl5iTih4qoXxBRh0wxTYjEQjChBr0Q8/sendMessage "HTTP/1.1 200 OK"
2024-11-16 14:59:19,763 - httpx - INFO - HTTP Request: POST https://api.telegram.org/bot7835013090:AAFfvl5iTih4qoXxBRh0wxTYjEQjChBr0Q8/getUpdates "HTTP/1.1 200 OK"
2024-11-16 14:59:21,356 - httpx - INFO - HTTP Request: POST https://api.telegram.org/bot7835013090:AAFfvl5iTih4qoXxBRh0wxTYjEQjChBr0Q8/getUpdates "HTTP/1.1 200 OK"
2024-11-16 14:59:21,560 - httpx - INFO - HTTP Request: POST https://api.telegram.org/bot7835013090:AAFfvl5iTih4qoXxBRh0wxTYjEQjChBr0Q8/sendMessage "HTTP/1.1 200 OK"
2024-11-16 14:59:21,697 - httpx - INFO - HTTP Request: POST https://api.telegram.org/bot7835013090:AAFfvl5iTih4qoXxBRh0wxTYjEQjChBr0Q8/sendMessage "HTTP/1.1 200 OK"
2024-11-16 14:59:21,770 - httpx - INFO - HTTP Request: POST https://api.telegram.org/bot7835013090:AAFfvl5iTih4qoXxBRh0wxTYjEQjChBr0Q8/sendMessage "HTTP/1.1 200 OK"
2024-11-16 14:59:21,860 - httpx - INFO - HTTP Request: POST https://api.telegram.org/bot7835013090:AAFfvl5iTih4qoXxBRh0wxTYjEQjChBr0Q8/sendMessage "HTTP/1.1 200 OK"
2024-11-16 14:59:31,497 - httpx - INFO - HTTP Request: POST https://api.telegram.org/bot7835013090:AAFfvl5iTih4qoXxBRh0wxTYjEQjChBr0Q8/getUpdates "HTTP/1.1 200 OK"
2024-11-16 14:59:41,558 - httpx - INFO - HTTP Request: POST https://api.telegram.org/bot7835013090:AAFfvl5iTih4qoXxBRh0wxTYjEQjChBr0Q8/getUpdates "HTTP/1.1 200 OK"
2024-11-16 14:59:51,560 - httpx - INFO - HTTP Request: POST https://api.telegram.org/bot7835013090:AAFfvl5iTih4qoXxBRh0wxTYjEQjChBr0Q8/getUpdates "HTTP/1.1 200 OK"
2024-11-16 15:00:01,554 - httpx - INFO - HTTP Request: POST https://api.telegram.org/bot7835013090:AAFfvl5iTih4qoXxBRh0wxTYjEQjChBr0Q8/getUpdates "HTTP/1.1 200 OK"
2024-11-16 15:00:11,565 - httpx - INFO - HTTP Request: POST https://api.telegram.org/bot7835013090:AAFfvl5iTih4qoXxBRh0wxTYjEQjChBr0Q8/getUpdates "HTTP/1.1 200 OK"
2024-11-16 15:00:21,751 - httpx - INFO - HTTP Request: POST https://api.telegram.org/bot7835013090:AAFfvl5iTih4qoXxBRh0wxTYjEQjChBr0Q8/getUpdates "HTTP/1.1 200 OK"
2024-11-16 15:00:31,804 - httpx - INFO - HTTP Request: POST https://api.telegram.org/bot7835013090:AAFfvl5iTih4qoXxBRh0wxTYjEQjChBr0Q8/getUpdates "HTTP/1.1 200 OK"
2024-11-16 15:00:41,901 - httpx - INFO - HTTP Request: POST https://api.telegram.org/bot7835013090:AAFfvl5iTih4qoXxBRh0wxTYjEQjChBr0Q8/getUpdates "HTTP/1.1 200 OK"
2024-11-16 15:00:52,061 - httpx - INFO - HTTP Request: POST https://api.telegram.org/bot7835013090:AAFfvl5iTih4qoXxBRh0wxTYjEQjChBr0Q8/getUpdates "HTTP/1.1 200 OK"
2024-11-16 15:01:02,080 - httpx - INFO - HTTP Request: POST https://api.telegram.org/bot7835013090:AAFfvl5iTih4qoXxBRh0wxTYjEQjChBr0Q8/getUpdates "HTTP/1.1 200 OK"
2024-11-16 15:01:12,060 - httpx - INFO - HTTP Request: POST https://api.telegram.org/bot7835013090:AAFfvl5iTih4qoXxBRh0wxTYjEQjChBr0Q8/getUpdates "HTTP/1.1 200 OK"
2024-11-16 15:01:22,166 - httpx - INFO - HTTP Request: POST https://api.telegram.org/bot7835013090:AAFfvl5iTih4qoXxBRh0wxTYjEQjChBr0Q8/getUpdates "HTTP/1.1 200 OK"
2024-11-16 15:01:26,100 - httpx - INFO - HTTP Request: POST https://api.telegram.org/bot7835013090:AAFfvl5iTih4qoXxBRh0wxTYjEQjChBr0Q8/getUpdates "HTTP/1.1 200 OK"
2024-11-16 15:01:26,101 - telegram.ext.Application - INFO - Application is stopping. This might take a moment.
2024-11-16 15:01:26,101 - telegram.ext.Application - INFO - Application.stop() complete
